<?xml version="1.0" encoding="UTF-8"?>
<coverage generated="1784478125074" clover="3.2.0">
  <project timestamp="1784478125075" name="All files">
    <metrics statements="205" coveredstatements="101" conditionals="230" coveredconditionals="70" methods="91" coveredmethods="33" elements="526" coveredelements="204" complexity="0" loc="205" ncloc="205" packages="3" files="5" classes="5"/>
    <package name="components">
      <metrics statements="79" coveredstatements="44" conditionals="131" coveredconditionals="52" methods="48" coveredmethods="13"/>
      <file name="SeverityBadge.tsx" path="C:\Users\Anil kumar\OneDrive\Documents\projects\vibe coding\challenge 4\src\components\SeverityBadge.tsx">
        <metrics statements="3" coveredstatements="3" conditionals="13" coveredconditionals="12" methods="1" coveredmethods="1"/>
        <line num="5" count="1" type="stmt"/>
        <line num="13" count="3" type="cond" truecount="1" falsecount="1"/>
        <line num="14" count="3" type="stmt"/>
      </file>
      <file name="StadiumMap.tsx" path="C:\Users\Anil kumar\OneDrive\Documents\projects\vibe coding\challenge 4\src\components\StadiumMap.tsx">
        <metrics statements="73" coveredstatements="38" conditionals="116" coveredconditionals="39" methods="46" coveredmethods="11"/>
        <line num="6" count="64" type="cond" truecount="4" falsecount="0"/>
        <line num="8" count="8" type="stmt"/>
        <line num="10" count="24" type="stmt"/>
        <line num="13" count="32" type="stmt"/>
        <line num="18" count="4" type="stmt"/>
        <line num="19" count="4" type="stmt"/>
        <line num="21" count="596" type="stmt"/>
        <line num="23" count="4" type="stmt"/>
        <line num="24" count="128" type="cond" truecount="1" falsecount="1"/>
        <line num="25" count="128" type="cond" truecount="1" falsecount="1"/>
        <line num="26" count="128" type="stmt"/>
        <line num="29" count="4" type="stmt"/>
        <line num="30" count="64" type="cond" truecount="1" falsecount="1"/>
        <line num="31" count="64" type="cond" truecount="1" falsecount="1"/>
        <line num="32" count="64" type="stmt"/>
        <line num="35" count="4" type="stmt"/>
        <line num="36" count="64" type="cond" truecount="1" falsecount="1"/>
        <line num="37" count="64" type="cond" truecount="1" falsecount="1"/>
        <line num="38" count="64" type="stmt"/>
        <line num="41" count="4" type="stmt"/>
        <line num="42" count="2" type="cond" truecount="3" falsecount="1"/>
        <line num="43" count="2" type="stmt"/>
        <line num="44" count="2" type="stmt"/>
        <line num="48" count="4" type="stmt"/>
        <line num="49" count="64" type="stmt"/>
        <line num="50" count="64" type="stmt"/>
        <line num="51" count="64" type="stmt"/>
        <line num="52" count="64" type="cond" truecount="2" falsecount="0"/>
        <line num="53" count="32" type="stmt"/>
        <line num="54" count="32" type="stmt"/>
        <line num="56" count="32" type="stmt"/>
        <line num="59" count="4" type="stmt"/>
        <line num="107" count="0" type="cond" truecount="0" falsecount="2"/>
        <line num="108" count="0" type="cond" truecount="0" falsecount="2"/>
        <line num="109" count="0" type="stmt"/>
        <line num="113" count="2" type="cond" truecount="2" falsecount="0"/>
        <line num="120" count="0" type="cond" truecount="0" falsecount="2"/>
        <line num="121" count="0" type="cond" truecount="0" falsecount="2"/>
        <line num="122" count="0" type="stmt"/>
        <line num="126" count="0" type="cond" truecount="0" falsecount="2"/>
        <line num="133" count="0" type="cond" truecount="0" falsecount="2"/>
        <line num="134" count="0" type="cond" truecount="0" falsecount="2"/>
        <line num="135" count="0" type="stmt"/>
        <line num="139" count="0" type="cond" truecount="0" falsecount="2"/>
        <line num="146" count="0" type="cond" truecount="0" falsecount="2"/>
        <line num="147" count="0" type="cond" truecount="0" falsecount="2"/>
        <line num="148" count="0" type="stmt"/>
        <line num="152" count="0" type="cond" truecount="0" falsecount="2"/>
        <line num="162" count="0" type="cond" truecount="0" falsecount="2"/>
        <line num="163" count="0" type="cond" truecount="0" falsecount="2"/>
        <line num="164" count="0" type="stmt"/>
        <line num="168" count="0" type="cond" truecount="0" falsecount="2"/>
        <line num="175" count="0" type="cond" truecount="0" falsecount="2"/>
        <line num="176" count="0" type="cond" truecount="0" falsecount="2"/>
        <line num="177" count="0" type="stmt"/>
        <line num="181" count="0" type="cond" truecount="0" falsecount="2"/>
        <line num="188" count="0" type="cond" truecount="0" falsecount="2"/>
        <line num="189" count="0" type="cond" truecount="0" falsecount="2"/>
        <line num="190" count="0" type="stmt"/>
        <line num="194" count="0" type="cond" truecount="0" falsecount="2"/>
        <line num="201" count="0" type="cond" truecount="0" falsecount="2"/>
        <line num="202" count="0" type="cond" truecount="0" falsecount="2"/>
        <line num="203" count="0" type="stmt"/>
        <line num="207" count="0" type="cond" truecount="0" falsecount="2"/>
        <line num="221" count="32" type="stmt"/>
        <line num="222" count="32" type="stmt"/>
        <line num="223" count="32" type="stmt"/>
        <line num="224" count="32" type="stmt"/>
        <line num="226" count="32" type="stmt"/>
        <line num="231" count="0" type="stmt"/>
        <line num="232" count="0" type="stmt"/>
        <line num="233" count="0" type="stmt"/>
        <line num="237" count="0" type="stmt"/>
      </file>
      <file name="StatusBadge.tsx" path="C:\Users\Anil kumar\OneDrive\Documents\projects\vibe coding\challenge 4\src\components\StatusBadge.tsx">
        <metrics statements="3" coveredstatements="3" conditionals="2" coveredconditionals="1" methods="1" coveredmethods="1"/>
        <line num="5" count="1" type="stmt"/>
        <line num="15" count="3" type="cond" truecount="1" falsecount="1"/>
        <line num="16" count="3" type="stmt"/>
      </file>
    </package>
    <package name="contexts">
      <metrics statements="125" coveredstatements="56" conditionals="99" coveredconditionals="18" methods="42" coveredmethods="19"/>
      <file name="CrowdContext.tsx" path="C:\Users\Anil kumar\OneDrive\Documents\projects\vibe coding\challenge 4\src\contexts\CrowdContext.tsx">
        <metrics statements="125" coveredstatements="56" conditionals="99" coveredconditionals="18" methods="42" coveredmethods="19"/>
        <line num="111" count="2" type="stmt"/>
        <line num="166" count="2" type="stmt"/>
        <line num="347" count="2" type="stmt"/>
        <line num="376" count="2" type="stmt"/>
        <line num="462" count="2" type="stmt"/>
        <line num="501" count="2" type="stmt"/>
        <line num="503" count="2" type="stmt"/>
        <line num="504" count="16" type="stmt"/>
        <line num="505" count="16" type="stmt"/>
        <line num="511" count="16" type="stmt"/>
        <line num="512" count="16" type="stmt"/>
        <line num="517" count="16" type="stmt"/>
        <line num="518" count="16" type="stmt"/>
        <line num="519" count="16" type="stmt"/>
        <line num="520" count="16" type="stmt"/>
        <line num="522" count="16" type="stmt"/>
        <line num="523" count="1" type="stmt"/>
        <line num="526" count="16" type="stmt"/>
        <line num="527" count="16" type="stmt"/>
        <line num="528" count="16" type="stmt"/>
        <line num="530" count="16" type="stmt"/>
        <line num="531" count="9" type="stmt"/>
        <line num="533" count="9" type="stmt"/>
        <line num="534" count="0" type="cond" truecount="0" falsecount="2"/>
        <line num="536" count="0" type="stmt"/>
        <line num="541" count="0" type="stmt"/>
        <line num="542" count="0" type="stmt"/>
        <line num="543" count="0" type="stmt"/>
        <line num="546" count="0" type="stmt"/>
        <line num="547" count="0" type="stmt"/>
        <line num="548" count="0" type="cond" truecount="0" falsecount="5"/>
        <line num="549" count="0" type="cond" truecount="0" falsecount="2"/>
        <line num="551" count="0" type="stmt"/>
        <line num="552" count="0" type="stmt"/>
        <line num="553" count="0" type="stmt"/>
        <line num="554" count="0" type="stmt"/>
        <line num="556" count="0" type="stmt"/>
        <line num="557" count="0" type="cond" truecount="0" falsecount="4"/>
        <line num="558" count="0" type="cond" truecount="0" falsecount="4"/>
        <line num="560" count="0" type="cond" truecount="0" falsecount="4"/>
        <line num="561" count="0" type="cond" truecount="0" falsecount="4"/>
        <line num="563" count="0" type="stmt"/>
        <line num="564" count="0" type="stmt"/>
        <line num="566" count="0" type="stmt"/>
        <line num="567" count="0" type="stmt"/>
        <line num="569" count="0" type="stmt"/>
        <line num="570" count="0" type="stmt"/>
        <line num="572" count="0" type="cond" truecount="0" falsecount="4"/>
        <line num="573" count="0" type="cond" truecount="0" falsecount="4"/>
        <line num="575" count="0" type="stmt"/>
        <line num="592" count="0" type="stmt"/>
        <line num="593" count="0" type="stmt"/>
        <line num="594" count="0" type="cond" truecount="0" falsecount="4"/>
        <line num="596" count="0" type="stmt"/>
        <line num="597" count="0" type="stmt"/>
        <line num="598" count="0" type="cond" truecount="0" falsecount="4"/>
        <line num="600" count="0" type="stmt"/>
        <line num="601" count="0" type="stmt"/>
        <line num="603" count="0" type="stmt"/>
        <line num="604" count="0" type="stmt"/>
        <line num="606" count="0" type="cond" truecount="0" falsecount="4"/>
        <line num="607" count="0" type="cond" truecount="0" falsecount="4"/>
        <line num="609" count="0" type="stmt"/>
        <line num="624" count="0" type="stmt"/>
        <line num="625" count="0" type="stmt"/>
        <line num="626" count="0" type="cond" truecount="0" falsecount="2"/>
        <line num="628" count="0" type="stmt"/>
        <line num="629" count="0" type="stmt"/>
        <line num="630" count="0" type="stmt"/>
        <line num="632" count="0" type="cond" truecount="0" falsecount="4"/>
        <line num="633" count="0" type="cond" truecount="0" falsecount="4"/>
        <line num="634" count="0" type="cond" truecount="0" falsecount="4"/>
        <line num="636" count="0" type="stmt"/>
        <line num="647" count="0" type="stmt"/>
        <line num="656" count="9" type="stmt"/>
        <line num="657" count="9" type="stmt"/>
        <line num="660" count="16" type="stmt"/>
        <line num="661" count="0" type="stmt"/>
        <line num="662" count="0" type="stmt"/>
        <line num="663" count="0" type="stmt"/>
        <line num="666" count="16" type="stmt"/>
        <line num="667" count="0" type="stmt"/>
        <line num="668" count="0" type="stmt"/>
        <line num="669" count="0" type="stmt"/>
        <line num="672" count="16" type="stmt"/>
        <line num="673" count="1" type="stmt"/>
        <line num="674" count="1" type="stmt"/>
        <line num="675" count="1" type="stmt"/>
        <line num="678" count="16" type="stmt"/>
        <line num="679" count="1" type="stmt"/>
        <line num="680" count="1" type="stmt"/>
        <line num="681" count="1" type="cond" truecount="1" falsecount="1"/>
        <line num="682" count="1" type="cond" truecount="1" falsecount="1"/>
        <line num="683" count="1" type="cond" truecount="1" falsecount="1"/>
        <line num="685" count="1" type="stmt"/>
        <line num="686" count="1" type="stmt"/>
        <line num="689" count="16" type="stmt"/>
        <line num="690" count="0" type="stmt"/>
        <line num="693" count="0" type="cond" truecount="0" falsecount="2"/>
        <line num="694" count="0" type="stmt"/>
        <line num="695" count="0" type="stmt"/>
        <line num="709" count="0" type="stmt"/>
        <line num="713" count="0" type="stmt"/>
        <line num="714" count="0" type="cond" truecount="0" falsecount="2"/>
        <line num="716" count="0" type="stmt"/>
        <line num="722" count="16" type="stmt"/>
        <line num="723" count="0" type="stmt"/>
        <line num="724" count="0" type="cond" truecount="0" falsecount="2"/>
        <line num="728" count="16" type="stmt"/>
        <line num="729" count="1" type="stmt"/>
        <line num="742" count="1" type="stmt"/>
        <line num="745" count="16" type="stmt"/>
        <line num="746" count="1" type="stmt"/>
        <line num="747" count="1" type="cond" truecount="1" falsecount="1"/>
        <line num="749" count="1" type="stmt"/>
        <line num="750" count="4" type="cond" truecount="2" falsecount="0"/>
        <line num="753" count="1" type="stmt"/>
        <line num="764" count="16" type="stmt"/>
        <line num="765" count="0" type="stmt"/>
        <line num="766" count="0" type="cond" truecount="0" falsecount="2"/>
        <line num="770" count="16" type="stmt"/>
        <line num="800" count="2" type="stmt"/>
        <line num="801" count="20" type="stmt"/>
        <line num="802" count="20" type="cond" truecount="2" falsecount="0"/>
        <line num="803" count="15" type="stmt"/>
      </file>
    </package>
    <package name="lib">
      <metrics statements="1" coveredstatements="1" conditionals="0" coveredconditionals="0" methods="1" coveredmethods="1"/>
      <file name="utils.ts" path="C:\Users\Anil kumar\OneDrive\Documents\projects\vibe coding\challenge 4\src\lib\utils.ts">
        <metrics statements="1" coveredstatements="1" conditionals="0" coveredconditionals="0" methods="1" coveredmethods="1"/>
        <line num="5" count="6" type="stmt"/>
      </file>
    </package>
  </project>
</coverage>
