{"C:\\Users\\Anil kumar\\OneDrive\\Documents\\projects\\vibe coding\\challenge 4\\src\\components\\SeverityBadge.tsx": {"path":"C:\\Users\\Anil kumar\\OneDrive\\Documents\\projects\\vibe coding\\challenge 4\\src\\components\\SeverityBadge.tsx","statementMap":{"0":{"start":{"line":5,"column":87},"end":{"line":10,"column":null}},"1":{"start":{"line":13,"column":17},"end":{"line":13,"column":null}},"2":{"start":{"line":14,"column":2},"end":{"line":22,"column":null}}},"fnMap":{"0":{"name":"SeverityBadge","decl":{"start":{"line":12,"column":16},"end":{"line":12,"column":30}},"loc":{"start":{"line":12,"column":76},"end":{"line":24,"column":null}},"line":12}},"branchMap":{"0":{"loc":{"start":{"line":13,"column":17},"end":{"line":13,"column":null}},"type":"binary-expr","locations":[{"start":{"line":13,"column":17},"end":{"line":13,"column":45}},{"start":{"line":13,"column":45},"end":{"line":13,"column":null}}],"line":13},"1":{"loc":{"start":{"line":17,"column":66},"end":{"line":17,"column":96}},"type":"cond-expr","locations":[{"start":{"line":17,"column":87},"end":{"line":17,"column":91}},{"start":{"line":17,"column":91},"end":{"line":17,"column":96}}],"line":17},"2":{"loc":{"start":{"line":18,"column":67},"end":{"line":18,"column":150}},"type":"cond-expr","locations":[{"start":{"line":18,"column":141},"end":{"line":18,"column":145}},{"start":{"line":18,"column":145},"end":{"line":18,"column":150}}],"line":18},"3":{"loc":{"start":{"line":18,"column":67},"end":{"line":18,"column":141}},"type":"binary-expr","locations":[{"start":{"line":18,"column":67},"end":{"line":18,"column":92}},{"start":{"line":18,"column":92},"end":{"line":18,"column":115}},{"start":{"line":18,"column":115},"end":{"line":18,"column":141}}],"line":18},"4":{"loc":{"start":{"line":19,"column":67},"end":{"line":19,"column":125}},"type":"cond-expr","locations":[{"start":{"line":19,"column":116},"end":{"line":19,"column":120}},{"start":{"line":19,"column":120},"end":{"line":19,"column":125}}],"line":19},"5":{"loc":{"start":{"line":19,"column":67},"end":{"line":19,"column":116}},"type":"binary-expr","locations":[{"start":{"line":19,"column":67},"end":{"line":19,"column":90}},{"start":{"line":19,"column":90},"end":{"line":19,"column":116}}],"line":19}},"s":{"0":1,"1":3,"2":3},"f":{"0":3},"b":{"0":[3,0],"1":[1,2],"2":[2,1],"3":[3,2,2],"4":[1,2],"5":[3,3]},"meta":{"lastBranch":6,"lastFunction":1,"lastStatement":3,"seen":{"s:5:87:10:Infinity":0,"f:12:16:12:30":0,"s:13:17:13:Infinity":1,"b:13:17:13:45:13:45:13:Infinity":0,"s:14:2:22:Infinity":2,"b:17:87:17:91:17:91:17:96":1,"b:18:141:18:145:18:145:18:150":2,"b:18:67:18:92:18:92:18:115:18:115:18:141":3,"b:19:116:19:120:19:120:19:125":4,"b:19:67:19:90:19:90:19:116":5},"fnNames":{}}}
,"C:\\Users\\Anil kumar\\OneDrive\\Documents\\projects\\vibe coding\\challenge 4\\src\\components\\StadiumMap.tsx": {"path":"C:\\Users\\Anil kumar\\OneDrive\\Documents\\projects\\vibe coding\\challenge 4\\src\\components\\StadiumMap.tsx","statementMap":{"0":{"start":{"line":6,"column":2},"end":{"line":14,"column":null}},"1":{"start":{"line":8,"column":6},"end":{"line":8,"column":null}},"2":{"start":{"line":10,"column":6},"end":{"line":10,"column":null}},"3":{"start":{"line":13,"column":6},"end":{"line":13,"column":null}},"4":{"start":{"line":18,"column":67},"end":{"line":18,"column":null}},"5":{"start":{"line":19,"column":40},"end":{"line":19,"column":null}},"6":{"start":{"line":21,"column":20},"end":{"line":21,"column":null}},"7":{"start":{"line":21,"column":36},"end":{"line":21,"column":null}},"8":{"start":{"line":21,"column":68},"end":{"line":21,"column":79}},"9":{"start":{"line":23,"column":29},"end":{"line":27,"column":null}},"10":{"start":{"line":24,"column":4},"end":{"line":24,"column":null}},"11":{"start":{"line":24,"column":34},"end":{"line":24,"column":null}},"12":{"start":{"line":25,"column":4},"end":{"line":25,"column":null}},"13":{"start":{"line":25,"column":35},"end":{"line":25,"column":null}},"14":{"start":{"line":26,"column":4},"end":{"line":26,"column":null}},"15":{"start":{"line":29,"column":32},"end":{"line":33,"column":null}},"16":{"start":{"line":30,"column":4},"end":{"line":30,"column":null}},"17":{"start":{"line":30,"column":34},"end":{"line":30,"column":null}},"18":{"start":{"line":31,"column":4},"end":{"line":31,"column":null}},"19":{"start":{"line":31,"column":35},"end":{"line":31,"column":null}},"20":{"start":{"line":32,"column":4},"end":{"line":32,"column":null}},"21":{"start":{"line":35,"column":28},"end":{"line":39,"column":null}},"22":{"start":{"line":36,"column":4},"end":{"line":36,"column":null}},"23":{"start":{"line":36,"column":34},"end":{"line":36,"column":null}},"24":{"start":{"line":37,"column":4},"end":{"line":37,"column":null}},"25":{"start":{"line":37,"column":35},"end":{"line":37,"column":null}},"26":{"start":{"line":38,"column":4},"end":{"line":38,"column":null}},"27":{"start":{"line":41,"column":24},"end":{"line":46,"column":null}},"28":{"start":{"line":42,"column":4},"end":{"line":45,"column":null}},"29":{"start":{"line":43,"column":6},"end":{"line":43,"column":null}},"30":{"start":{"line":44,"column":6},"end":{"line":44,"column":null}},"31":{"start":{"line":48,"column":23},"end":{"line":57,"column":null}},"32":{"start":{"line":49,"column":22},"end":{"line":49,"column":null}},"33":{"start":{"line":50,"column":16},"end":{"line":50,"column":null}},"34":{"start":{"line":51,"column":23},"end":{"line":51,"column":null}},"35":{"start":{"line":52,"column":4},"end":{"line":55,"column":null}},"36":{"start":{"line":53,"column":16},"end":{"line":53,"column":null}},"37":{"start":{"line":54,"column":6},"end":{"line":54,"column":null}},"38":{"start":{"line":56,"column":4},"end":{"line":56,"column":null}},"39":{"start":{"line":59,"column":2},"end":{"line":302,"column":null}},"40":{"start":{"line":107,"column":27},"end":{"line":107,"column":null}},"41":{"start":{"line":108,"column":32},"end":{"line":108,"column":null}},"42":{"start":{"line":109,"column":32},"end":{"line":109,"column":null}},"43":{"start":{"line":113,"column":30},"end":{"line":113,"column":null}},"44":{"start":{"line":120,"column":27},"end":{"line":120,"column":null}},"45":{"start":{"line":121,"column":32},"end":{"line":121,"column":null}},"46":{"start":{"line":122,"column":32},"end":{"line":122,"column":null}},"47":{"start":{"line":126,"column":30},"end":{"line":126,"column":null}},"48":{"start":{"line":133,"column":27},"end":{"line":133,"column":null}},"49":{"start":{"line":134,"column":32},"end":{"line":134,"column":null}},"50":{"start":{"line":135,"column":32},"end":{"line":135,"column":null}},"51":{"start":{"line":139,"column":30},"end":{"line":139,"column":null}},"52":{"start":{"line":146,"column":27},"end":{"line":146,"column":null}},"53":{"start":{"line":147,"column":32},"end":{"line":147,"column":null}},"54":{"start":{"line":148,"column":32},"end":{"line":148,"column":null}},"55":{"start":{"line":152,"column":30},"end":{"line":152,"column":null}},"56":{"start":{"line":162,"column":27},"end":{"line":162,"column":null}},"57":{"start":{"line":163,"column":32},"end":{"line":163,"column":null}},"58":{"start":{"line":164,"column":32},"end":{"line":164,"column":null}},"59":{"start":{"line":168,"column":30},"end":{"line":168,"column":null}},"60":{"start":{"line":175,"column":27},"end":{"line":175,"column":null}},"61":{"start":{"line":176,"column":32},"end":{"line":176,"column":null}},"62":{"start":{"line":177,"column":32},"end":{"line":177,"column":null}},"63":{"start":{"line":181,"column":30},"end":{"line":181,"column":null}},"64":{"start":{"line":188,"column":27},"end":{"line":188,"column":null}},"65":{"start":{"line":189,"column":32},"end":{"line":189,"column":null}},"66":{"start":{"line":190,"column":32},"end":{"line":190,"column":null}},"67":{"start":{"line":194,"column":30},"end":{"line":194,"column":null}},"68":{"start":{"line":201,"column":27},"end":{"line":201,"column":null}},"69":{"start":{"line":202,"column":32},"end":{"line":202,"column":null}},"70":{"start":{"line":203,"column":32},"end":{"line":203,"column":null}},"71":{"start":{"line":207,"column":30},"end":{"line":207,"column":null}},"72":{"start":{"line":221,"column":27},"end":{"line":221,"column":null}},"73":{"start":{"line":222,"column":26},"end":{"line":222,"column":null}},"74":{"start":{"line":223,"column":26},"end":{"line":223,"column":null}},"75":{"start":{"line":224,"column":31},"end":{"line":224,"column":null}},"76":{"start":{"line":226,"column":12},"end":{"line":262,"column":null}},"77":{"start":{"line":231,"column":31},"end":{"line":231,"column":null}},"78":{"start":{"line":232,"column":36},"end":{"line":232,"column":null}},"79":{"start":{"line":233,"column":36},"end":{"line":233,"column":null}},"80":{"start":{"line":237,"column":34},"end":{"line":237,"column":null}}},"fnMap":{"0":{"name":"getStatusColor","decl":{"start":{"line":5,"column":16},"end":{"line":5,"column":31}},"loc":{"start":{"line":5,"column":68},"end":{"line":15,"column":null}},"line":5},"1":{"name":"StadiumMap","decl":{"start":{"line":17,"column":16},"end":{"line":17,"column":29}},"loc":{"start":{"line":17,"column":29},"end":{"line":304,"column":null}},"line":17},"2":{"name":"(anonymous_2)","decl":{"start":{"line":21,"column":20},"end":{"line":21,"column":21}},"loc":{"start":{"line":21,"column":36},"end":{"line":21,"column":null}},"line":21},"3":{"name":"(anonymous_3)","decl":{"start":{"line":21,"column":61},"end":{"line":21,"column":62}},"loc":{"start":{"line":21,"column":68},"end":{"line":21,"column":79}},"line":21},"4":{"name":"(anonymous_4)","decl":{"start":{"line":23,"column":29},"end":{"line":23,"column":30}},"loc":{"start":{"line":23,"column":54},"end":{"line":27,"column":null}},"line":23},"5":{"name":"(anonymous_5)","decl":{"start":{"line":29,"column":32},"end":{"line":29,"column":33}},"loc":{"start":{"line":29,"column":57},"end":{"line":33,"column":null}},"line":29},"6":{"name":"(anonymous_6)","decl":{"start":{"line":35,"column":28},"end":{"line":35,"column":29}},"loc":{"start":{"line":35,"column":44},"end":{"line":39,"column":null}},"line":35},"7":{"name":"(anonymous_7)","decl":{"start":{"line":41,"column":24},"end":{"line":41,"column":25}},"loc":{"start":{"line":41,"column":73},"end":{"line":46,"column":null}},"line":41},"8":{"name":"(anonymous_8)","decl":{"start":{"line":48,"column":23},"end":{"line":48,"column":24}},"loc":{"start":{"line":48,"column":48},"end":{"line":57,"column":null}},"line":48},"9":{"name":"(anonymous_9)","decl":{"start":{"line":107,"column":21},"end":{"line":107,"column":27}},"loc":{"start":{"line":107,"column":27},"end":{"line":107,"column":null}},"line":107},"10":{"name":"(anonymous_10)","decl":{"start":{"line":108,"column":26},"end":{"line":108,"column":32}},"loc":{"start":{"line":108,"column":32},"end":{"line":108,"column":null}},"line":108},"11":{"name":"(anonymous_11)","decl":{"start":{"line":109,"column":26},"end":{"line":109,"column":32}},"loc":{"start":{"line":109,"column":32},"end":{"line":109,"column":null}},"line":109},"12":{"name":"(anonymous_12)","decl":{"start":{"line":113,"column":23},"end":{"line":113,"column":24}},"loc":{"start":{"line":113,"column":30},"end":{"line":113,"column":null}},"line":113},"13":{"name":"(anonymous_13)","decl":{"start":{"line":120,"column":21},"end":{"line":120,"column":27}},"loc":{"start":{"line":120,"column":27},"end":{"line":120,"column":null}},"line":120},"14":{"name":"(anonymous_14)","decl":{"start":{"line":121,"column":26},"end":{"line":121,"column":32}},"loc":{"start":{"line":121,"column":32},"end":{"line":121,"column":null}},"line":121},"15":{"name":"(anonymous_15)","decl":{"start":{"line":122,"column":26},"end":{"line":122,"column":32}},"loc":{"start":{"line":122,"column":32},"end":{"line":122,"column":null}},"line":122},"16":{"name":"(anonymous_16)","decl":{"start":{"line":126,"column":23},"end":{"line":126,"column":24}},"loc":{"start":{"line":126,"column":30},"end":{"line":126,"column":null}},"line":126},"17":{"name":"(anonymous_17)","decl":{"start":{"line":133,"column":21},"end":{"line":133,"column":27}},"loc":{"start":{"line":133,"column":27},"end":{"line":133,"column":null}},"line":133},"18":{"name":"(anonymous_18)","decl":{"start":{"line":134,"column":26},"end":{"line":134,"column":32}},"loc":{"start":{"line":134,"column":32},"end":{"line":134,"column":null}},"line":134},"19":{"name":"(anonymous_19)","decl":{"start":{"line":135,"column":26},"end":{"line":135,"column":32}},"loc":{"start":{"line":135,"column":32},"end":{"line":135,"column":null}},"line":135},"20":{"name":"(anonymous_20)","decl":{"start":{"line":139,"column":23},"end":{"line":139,"column":24}},"loc":{"start":{"line":139,"column":30},"end":{"line":139,"column":null}},"line":139},"21":{"name":"(anonymous_21)","decl":{"start":{"line":146,"column":21},"end":{"line":146,"column":27}},"loc":{"start":{"line":146,"column":27},"end":{"line":146,"column":null}},"line":146},"22":{"name":"(anonymous_22)","decl":{"start":{"line":147,"column":26},"end":{"line":147,"column":32}},"loc":{"start":{"line":147,"column":32},"end":{"line":147,"column":null}},"line":147},"23":{"name":"(anonymous_23)","decl":{"start":{"line":148,"column":26},"end":{"line":148,"column":32}},"loc":{"start":{"line":148,"column":32},"end":{"line":148,"column":null}},"line":148},"24":{"name":"(anonymous_24)","decl":{"start":{"line":152,"column":23},"end":{"line":152,"column":24}},"loc":{"start":{"line":152,"column":30},"end":{"line":152,"column":null}},"line":152},"25":{"name":"(anonymous_25)","decl":{"start":{"line":162,"column":21},"end":{"line":162,"column":27}},"loc":{"start":{"line":162,"column":27},"end":{"line":162,"column":null}},"line":162},"26":{"name":"(anonymous_26)","decl":{"start":{"line":163,"column":26},"end":{"line":163,"column":32}},"loc":{"start":{"line":163,"column":32},"end":{"line":163,"column":null}},"line":163},"27":{"name":"(anonymous_27)","decl":{"start":{"line":164,"column":26},"end":{"line":164,"column":32}},"loc":{"start":{"line":164,"column":32},"end":{"line":164,"column":null}},"line":164},"28":{"name":"(anonymous_28)","decl":{"start":{"line":168,"column":23},"end":{"line":168,"column":24}},"loc":{"start":{"line":168,"column":30},"end":{"line":168,"column":null}},"line":168},"29":{"name":"(anonymous_29)","decl":{"start":{"line":175,"column":21},"end":{"line":175,"column":27}},"loc":{"start":{"line":175,"column":27},"end":{"line":175,"column":null}},"line":175},"30":{"name":"(anonymous_30)","decl":{"start":{"line":176,"column":26},"end":{"line":176,"column":32}},"loc":{"start":{"line":176,"column":32},"end":{"line":176,"column":null}},"line":176},"31":{"name":"(anonymous_31)","decl":{"start":{"line":177,"column":26},"end":{"line":177,"column":32}},"loc":{"start":{"line":177,"column":32},"end":{"line":177,"column":null}},"line":177},"32":{"name":"(anonymous_32)","decl":{"start":{"line":181,"column":23},"end":{"line":181,"column":24}},"loc":{"start":{"line":181,"column":30},"end":{"line":181,"column":null}},"line":181},"33":{"name":"(anonymous_33)","decl":{"start":{"line":188,"column":21},"end":{"line":188,"column":27}},"loc":{"start":{"line":188,"column":27},"end":{"line":188,"column":null}},"line":188},"34":{"name":"(anonymous_34)","decl":{"start":{"line":189,"column":26},"end":{"line":189,"column":32}},"loc":{"start":{"line":189,"column":32},"end":{"line":189,"column":null}},"line":189},"35":{"name":"(anonymous_35)","decl":{"start":{"line":190,"column":26},"end":{"line":190,"column":32}},"loc":{"start":{"line":190,"column":32},"end":{"line":190,"column":null}},"line":190},"36":{"name":"(anonymous_36)","decl":{"start":{"line":194,"column":23},"end":{"line":194,"column":24}},"loc":{"start":{"line":194,"column":30},"end":{"line":194,"column":null}},"line":194},"37":{"name":"(anonymous_37)","decl":{"start":{"line":201,"column":21},"end":{"line":201,"column":27}},"loc":{"start":{"line":201,"column":27},"end":{"line":201,"column":null}},"line":201},"38":{"name":"(anonymous_38)","decl":{"start":{"line":202,"column":26},"end":{"line":202,"column":32}},"loc":{"start":{"line":202,"column":32},"end":{"line":202,"column":null}},"line":202},"39":{"name":"(anonymous_39)","decl":{"start":{"line":203,"column":26},"end":{"line":203,"column":32}},"loc":{"start":{"line":203,"column":32},"end":{"line":203,"column":null}},"line":203},"40":{"name":"(anonymous_40)","decl":{"start":{"line":207,"column":23},"end":{"line":207,"column":24}},"loc":{"start":{"line":207,"column":30},"end":{"line":207,"column":null}},"line":207},"41":{"name":"(anonymous_41)","decl":{"start":{"line":220,"column":33},"end":{"line":220,"column":34}},"loc":{"start":{"line":220,"column":43},"end":{"line":264,"column":11}},"line":220},"42":{"name":"(anonymous_42)","decl":{"start":{"line":231,"column":25},"end":{"line":231,"column":31}},"loc":{"start":{"line":231,"column":31},"end":{"line":231,"column":null}},"line":231},"43":{"name":"(anonymous_43)","decl":{"start":{"line":232,"column":30},"end":{"line":232,"column":36}},"loc":{"start":{"line":232,"column":36},"end":{"line":232,"column":null}},"line":232},"44":{"name":"(anonymous_44)","decl":{"start":{"line":233,"column":30},"end":{"line":233,"column":36}},"loc":{"start":{"line":233,"column":36},"end":{"line":233,"column":null}},"line":233},"45":{"name":"(anonymous_45)","decl":{"start":{"line":237,"column":27},"end":{"line":237,"column":28}},"loc":{"start":{"line":237,"column":34},"end":{"line":237,"column":null}},"line":237}},"branchMap":{"0":{"loc":{"start":{"line":6,"column":2},"end":{"line":14,"column":null}},"type":"switch","locations":[{"start":{"line":7,"column":4},"end":{"line":8,"column":null}},{"start":{"line":9,"column":4},"end":{"line":10,"column":null}},{"start":{"line":11,"column":4},"end":{"line":11,"column":null}},{"start":{"line":12,"column":4},"end":{"line":13,"column":null}}],"line":6},"1":{"loc":{"start":{"line":24,"column":4},"end":{"line":24,"column":null}},"type":"if","locations":[{"start":{"line":24,"column":4},"end":{"line":24,"column":null}},{"start":{},"end":{}}],"line":24},"2":{"loc":{"start":{"line":25,"column":4},"end":{"line":25,"column":null}},"type":"if","locations":[{"start":{"line":25,"column":4},"end":{"line":25,"column":null}},{"start":{},"end":{}}],"line":25},"3":{"loc":{"start":{"line":30,"column":4},"end":{"line":30,"column":null}},"type":"if","locations":[{"start":{"line":30,"column":4},"end":{"line":30,"column":null}},{"start":{},"end":{}}],"line":30},"4":{"loc":{"start":{"line":31,"column":4},"end":{"line":31,"column":null}},"type":"if","locations":[{"start":{"line":31,"column":4},"end":{"line":31,"column":null}},{"start":{},"end":{}}],"line":31},"5":{"loc":{"start":{"line":36,"column":4},"end":{"line":36,"column":null}},"type":"if","locations":[{"start":{"line":36,"column":4},"end":{"line":36,"column":null}},{"start":{},"end":{}}],"line":36},"6":{"loc":{"start":{"line":37,"column":4},"end":{"line":37,"column":null}},"type":"if","locations":[{"start":{"line":37,"column":4},"end":{"line":37,"column":null}},{"start":{},"end":{}}],"line":37},"7":{"loc":{"start":{"line":42,"column":4},"end":{"line":45,"column":null}},"type":"if","locations":[{"start":{"line":42,"column":4},"end":{"line":45,"column":null}},{"start":{},"end":{}}],"line":42},"8":{"loc":{"start":{"line":42,"column":8},"end":{"line":42,"column":44}},"type":"binary-expr","locations":[{"start":{"line":42,"column":8},"end":{"line":42,"column":29}},{"start":{"line":42,"column":29},"end":{"line":42,"column":44}}],"line":42},"9":{"loc":{"start":{"line":52,"column":4},"end":{"line":55,"column":null}},"type":"if","locations":[{"start":{"line":52,"column":4},"end":{"line":55,"column":null}},{"start":{},"end":{}}],"line":52},"10":{"loc":{"start":{"line":65,"column":11},"end":{"line":68,"column":null}},"type":"binary-expr","locations":[{"start":{"line":65,"column":11},"end":{"line":65,"column":null}},{"start":{"line":66,"column":12},"end":{"line":68,"column":null}}],"line":65},"11":{"loc":{"start":{"line":104,"column":33},"end":{"line":104,"column":121}},"type":"cond-expr","locations":[{"start":{"line":104,"column":64},"end":{"line":104,"column":116}},{"start":{"line":104,"column":116},"end":{"line":104,"column":121}}],"line":104},"12":{"loc":{"start":{"line":107,"column":27},"end":{"line":107,"column":null}},"type":"binary-expr","locations":[{"start":{"line":107,"column":27},"end":{"line":107,"column":59}},{"start":{"line":107,"column":59},"end":{"line":107,"column":null}}],"line":107},"13":{"loc":{"start":{"line":108,"column":49},"end":{"line":108,"column":85}},"type":"binary-expr","locations":[{"start":{"line":108,"column":49},"end":{"line":108,"column":81}},{"start":{"line":108,"column":81},"end":{"line":108,"column":85}}],"line":108},"14":{"loc":{"start":{"line":112,"column":24},"end":{"line":112,"column":null}},"type":"cond-expr","locations":[{"start":{"line":112,"column":55},"end":{"line":112,"column":101}},{"start":{"line":112,"column":101},"end":{"line":112,"column":null}}],"line":112},"15":{"loc":{"start":{"line":113,"column":30},"end":{"line":113,"column":null}},"type":"binary-expr","locations":[{"start":{"line":113,"column":30},"end":{"line":113,"column":62}},{"start":{"line":113,"column":62},"end":{"line":113,"column":null}}],"line":113},"16":{"loc":{"start":{"line":117,"column":33},"end":{"line":117,"column":121}},"type":"cond-expr","locations":[{"start":{"line":117,"column":64},"end":{"line":117,"column":116}},{"start":{"line":117,"column":116},"end":{"line":117,"column":121}}],"line":117},"17":{"loc":{"start":{"line":120,"column":27},"end":{"line":120,"column":null}},"type":"binary-expr","locations":[{"start":{"line":120,"column":27},"end":{"line":120,"column":59}},{"start":{"line":120,"column":59},"end":{"line":120,"column":null}}],"line":120},"18":{"loc":{"start":{"line":121,"column":49},"end":{"line":121,"column":85}},"type":"binary-expr","locations":[{"start":{"line":121,"column":49},"end":{"line":121,"column":81}},{"start":{"line":121,"column":81},"end":{"line":121,"column":85}}],"line":121},"19":{"loc":{"start":{"line":125,"column":24},"end":{"line":125,"column":null}},"type":"cond-expr","locations":[{"start":{"line":125,"column":55},"end":{"line":125,"column":101}},{"start":{"line":125,"column":101},"end":{"line":125,"column":null}}],"line":125},"20":{"loc":{"start":{"line":126,"column":30},"end":{"line":126,"column":null}},"type":"binary-expr","locations":[{"start":{"line":126,"column":30},"end":{"line":126,"column":62}},{"start":{"line":126,"column":62},"end":{"line":126,"column":null}}],"line":126},"21":{"loc":{"start":{"line":130,"column":33},"end":{"line":130,"column":119}},"type":"cond-expr","locations":[{"start":{"line":130,"column":63},"end":{"line":130,"column":114}},{"start":{"line":130,"column":114},"end":{"line":130,"column":119}}],"line":130},"22":{"loc":{"start":{"line":133,"column":27},"end":{"line":133,"column":null}},"type":"binary-expr","locations":[{"start":{"line":133,"column":27},"end":{"line":133,"column":58}},{"start":{"line":133,"column":58},"end":{"line":133,"column":null}}],"line":133},"23":{"loc":{"start":{"line":134,"column":49},"end":{"line":134,"column":84}},"type":"binary-expr","locations":[{"start":{"line":134,"column":49},"end":{"line":134,"column":80}},{"start":{"line":134,"column":80},"end":{"line":134,"column":84}}],"line":134},"24":{"loc":{"start":{"line":138,"column":24},"end":{"line":138,"column":null}},"type":"cond-expr","locations":[{"start":{"line":138,"column":54},"end":{"line":138,"column":99}},{"start":{"line":138,"column":99},"end":{"line":138,"column":null}}],"line":138},"25":{"loc":{"start":{"line":139,"column":30},"end":{"line":139,"column":null}},"type":"binary-expr","locations":[{"start":{"line":139,"column":30},"end":{"line":139,"column":61}},{"start":{"line":139,"column":61},"end":{"line":139,"column":null}}],"line":139},"26":{"loc":{"start":{"line":143,"column":33},"end":{"line":143,"column":119}},"type":"cond-expr","locations":[{"start":{"line":143,"column":63},"end":{"line":143,"column":114}},{"start":{"line":143,"column":114},"end":{"line":143,"column":119}}],"line":143},"27":{"loc":{"start":{"line":146,"column":27},"end":{"line":146,"column":null}},"type":"binary-expr","locations":[{"start":{"line":146,"column":27},"end":{"line":146,"column":58}},{"start":{"line":146,"column":58},"end":{"line":146,"column":null}}],"line":146},"28":{"loc":{"start":{"line":147,"column":49},"end":{"line":147,"column":84}},"type":"binary-expr","locations":[{"start":{"line":147,"column":49},"end":{"line":147,"column":80}},{"start":{"line":147,"column":80},"end":{"line":147,"column":84}}],"line":147},"29":{"loc":{"start":{"line":151,"column":24},"end":{"line":151,"column":null}},"type":"cond-expr","locations":[{"start":{"line":151,"column":54},"end":{"line":151,"column":99}},{"start":{"line":151,"column":99},"end":{"line":151,"column":null}}],"line":151},"30":{"loc":{"start":{"line":152,"column":30},"end":{"line":152,"column":null}},"type":"binary-expr","locations":[{"start":{"line":152,"column":30},"end":{"line":152,"column":61}},{"start":{"line":152,"column":61},"end":{"line":152,"column":null}}],"line":152},"31":{"loc":{"start":{"line":159,"column":33},"end":{"line":159,"column":121}},"type":"cond-expr","locations":[{"start":{"line":159,"column":64},"end":{"line":159,"column":116}},{"start":{"line":159,"column":116},"end":{"line":159,"column":121}}],"line":159},"32":{"loc":{"start":{"line":162,"column":27},"end":{"line":162,"column":null}},"type":"binary-expr","locations":[{"start":{"line":162,"column":27},"end":{"line":162,"column":59}},{"start":{"line":162,"column":59},"end":{"line":162,"column":null}}],"line":162},"33":{"loc":{"start":{"line":163,"column":49},"end":{"line":163,"column":85}},"type":"binary-expr","locations":[{"start":{"line":163,"column":49},"end":{"line":163,"column":81}},{"start":{"line":163,"column":81},"end":{"line":163,"column":85}}],"line":163},"34":{"loc":{"start":{"line":167,"column":24},"end":{"line":167,"column":null}},"type":"cond-expr","locations":[{"start":{"line":167,"column":55},"end":{"line":167,"column":101}},{"start":{"line":167,"column":101},"end":{"line":167,"column":null}}],"line":167},"35":{"loc":{"start":{"line":168,"column":30},"end":{"line":168,"column":null}},"type":"binary-expr","locations":[{"start":{"line":168,"column":30},"end":{"line":168,"column":62}},{"start":{"line":168,"column":62},"end":{"line":168,"column":null}}],"line":168},"36":{"loc":{"start":{"line":172,"column":33},"end":{"line":172,"column":121}},"type":"cond-expr","locations":[{"start":{"line":172,"column":64},"end":{"line":172,"column":116}},{"start":{"line":172,"column":116},"end":{"line":172,"column":121}}],"line":172},"37":{"loc":{"start":{"line":175,"column":27},"end":{"line":175,"column":null}},"type":"binary-expr","locations":[{"start":{"line":175,"column":27},"end":{"line":175,"column":59}},{"start":{"line":175,"column":59},"end":{"line":175,"column":null}}],"line":175},"38":{"loc":{"start":{"line":176,"column":49},"end":{"line":176,"column":85}},"type":"binary-expr","locations":[{"start":{"line":176,"column":49},"end":{"line":176,"column":81}},{"start":{"line":176,"column":81},"end":{"line":176,"column":85}}],"line":176},"39":{"loc":{"start":{"line":180,"column":24},"end":{"line":180,"column":null}},"type":"cond-expr","locations":[{"start":{"line":180,"column":55},"end":{"line":180,"column":101}},{"start":{"line":180,"column":101},"end":{"line":180,"column":null}}],"line":180},"40":{"loc":{"start":{"line":181,"column":30},"end":{"line":181,"column":null}},"type":"binary-expr","locations":[{"start":{"line":181,"column":30},"end":{"line":181,"column":62}},{"start":{"line":181,"column":62},"end":{"line":181,"column":null}}],"line":181},"41":{"loc":{"start":{"line":185,"column":33},"end":{"line":185,"column":119}},"type":"cond-expr","locations":[{"start":{"line":185,"column":63},"end":{"line":185,"column":114}},{"start":{"line":185,"column":114},"end":{"line":185,"column":119}}],"line":185},"42":{"loc":{"start":{"line":188,"column":27},"end":{"line":188,"column":null}},"type":"binary-expr","locations":[{"start":{"line":188,"column":27},"end":{"line":188,"column":58}},{"start":{"line":188,"column":58},"end":{"line":188,"column":null}}],"line":188},"43":{"loc":{"start":{"line":189,"column":49},"end":{"line":189,"column":84}},"type":"binary-expr","locations":[{"start":{"line":189,"column":49},"end":{"line":189,"column":80}},{"start":{"line":189,"column":80},"end":{"line":189,"column":84}}],"line":189},"44":{"loc":{"start":{"line":193,"column":24},"end":{"line":193,"column":null}},"type":"cond-expr","locations":[{"start":{"line":193,"column":54},"end":{"line":193,"column":99}},{"start":{"line":193,"column":99},"end":{"line":193,"column":null}}],"line":193},"45":{"loc":{"start":{"line":194,"column":30},"end":{"line":194,"column":null}},"type":"binary-expr","locations":[{"start":{"line":194,"column":30},"end":{"line":194,"column":61}},{"start":{"line":194,"column":61},"end":{"line":194,"column":null}}],"line":194},"46":{"loc":{"start":{"line":198,"column":33},"end":{"line":198,"column":119}},"type":"cond-expr","locations":[{"start":{"line":198,"column":63},"end":{"line":198,"column":114}},{"start":{"line":198,"column":114},"end":{"line":198,"column":119}}],"line":198},"47":{"loc":{"start":{"line":201,"column":27},"end":{"line":201,"column":null}},"type":"binary-expr","locations":[{"start":{"line":201,"column":27},"end":{"line":201,"column":58}},{"start":{"line":201,"column":58},"end":{"line":201,"column":null}}],"line":201},"48":{"loc":{"start":{"line":202,"column":49},"end":{"line":202,"column":84}},"type":"binary-expr","locations":[{"start":{"line":202,"column":49},"end":{"line":202,"column":80}},{"start":{"line":202,"column":80},"end":{"line":202,"column":84}}],"line":202},"49":{"loc":{"start":{"line":206,"column":24},"end":{"line":206,"column":null}},"type":"cond-expr","locations":[{"start":{"line":206,"column":54},"end":{"line":206,"column":99}},{"start":{"line":206,"column":99},"end":{"line":206,"column":null}}],"line":206},"50":{"loc":{"start":{"line":207,"column":30},"end":{"line":207,"column":null}},"type":"binary-expr","locations":[{"start":{"line":207,"column":30},"end":{"line":207,"column":61}},{"start":{"line":207,"column":61},"end":{"line":207,"column":null}}],"line":207},"51":{"loc":{"start":{"line":239,"column":17},"end":{"line":240,"column":null}},"type":"binary-expr","locations":[{"start":{"line":239,"column":17},"end":{"line":239,"column":null}},{"start":{"line":240,"column":18},"end":{"line":240,"column":null}}],"line":239},"52":{"loc":{"start":{"line":248,"column":26},"end":{"line":248,"column":null}},"type":"cond-expr","locations":[{"start":{"line":248,"column":39},"end":{"line":248,"column":63}},{"start":{"line":248,"column":63},"end":{"line":248,"column":null}}],"line":248},"53":{"loc":{"start":{"line":249,"column":31},"end":{"line":249,"column":null}},"type":"cond-expr","locations":[{"start":{"line":249,"column":44},"end":{"line":249,"column":48}},{"start":{"line":249,"column":48},"end":{"line":249,"column":null}}],"line":249},"54":{"loc":{"start":{"line":251,"column":26},"end":{"line":251,"column":null}},"type":"cond-expr","locations":[{"start":{"line":251,"column":46},"end":{"line":251,"column":65}},{"start":{"line":251,"column":65},"end":{"line":251,"column":null}}],"line":251},"55":{"loc":{"start":{"line":267,"column":9},"end":{"line":299,"column":null}},"type":"binary-expr","locations":[{"start":{"line":267,"column":9},"end":{"line":267,"column":null}},{"start":{"line":268,"column":10},"end":{"line":299,"column":null}}],"line":267},"56":{"loc":{"start":{"line":283,"column":13},"end":{"line":293,"column":null}},"type":"binary-expr","locations":[{"start":{"line":283,"column":13},"end":{"line":283,"column":null}},{"start":{"line":284,"column":14},"end":{"line":293,"column":null}}],"line":283}},"s":{"0":64,"1":8,"2":24,"3":32,"4":4,"5":4,"6":4,"7":132,"8":596,"9":4,"10":128,"11":0,"12":128,"13":0,"14":128,"15":4,"16":64,"17":0,"18":64,"19":0,"20":64,"21":4,"22":64,"23":0,"24":64,"25":0,"26":64,"27":4,"28":2,"29":2,"30":2,"31":4,"32":64,"33":64,"34":64,"35":64,"36":32,"37":32,"38":32,"39":4,"40":0,"41":0,"42":0,"43":2,"44":0,"45":0,"46":0,"47":0,"48":0,"49":0,"50":0,"51":0,"52":0,"53":0,"54":0,"55":0,"56":0,"57":0,"58":0,"59":0,"60":0,"61":0,"62":0,"63":0,"64":0,"65":0,"66":0,"67":0,"68":0,"69":0,"70":0,"71":0,"72":32,"73":32,"74":32,"75":32,"76":32,"77":0,"78":0,"79":0,"80":0},"f":{"0":64,"1":4,"2":132,"3":596,"4":128,"5":64,"6":64,"7":2,"8":64,"9":0,"10":0,"11":0,"12":2,"13":0,"14":0,"15":0,"16":0,"17":0,"18":0,"19":0,"20":0,"21":0,"22":0,"23":0,"24":0,"25":0,"26":0,"27":0,"28":0,"29":0,"30":0,"31":0,"32":0,"33":0,"34":0,"35":0,"36":0,"37":0,"38":0,"39":0,"40":0,"41":32,"42":0,"43":0,"44":0,"45":0},"b":{"0":[8,24,32,32],"1":[0,128],"2":[0,128],"3":[0,64],"4":[0,64],"5":[0,64],"6":[0,64],"7":[2,0],"8":[2,1],"9":[32,32],"10":[4,0],"11":[4,0],"12":[0,0],"13":[0,0],"14":[4,0],"15":[2,2],"16":[4,0],"17":[0,0],"18":[0,0],"19":[4,0],"20":[0,0],"21":[4,0],"22":[0,0],"23":[0,0],"24":[4,0],"25":[0,0],"26":[4,0],"27":[0,0],"28":[0,0],"29":[4,0],"30":[0,0],"31":[4,0],"32":[0,0],"33":[0,0],"34":[4,0],"35":[0,0],"36":[4,0],"37":[0,0],"38":[0,0],"39":[4,0],"40":[0,0],"41":[4,0],"42":[0,0],"43":[0,0],"44":[4,0],"45":[0,0],"46":[4,0],"47":[0,0],"48":[0,0],"49":[4,0],"50":[0,0],"51":[32,0],"52":[0,32],"53":[0,32],"54":[0,32],"55":[4,0],"56":[0,0]},"meta":{"lastBranch":57,"lastFunction":46,"lastStatement":81,"seen":{"f:5:16:5:31":0,"b:7:4:8:Infinity:9:4:10:Infinity:11:4:11:Infinity:12:4:13:Infinity":0,"s:6:2:14:Infinity":0,"s:8:6:8:Infinity":1,"s:10:6:10:Infinity":2,"s:13:6:13:Infinity":3,"f:17:16:17:29":1,"s:18:67:18:Infinity":4,"s:19:40:19:Infinity":5,"s:21:20:21:Infinity":6,"f:21:20:21:21":2,"s:21:36:21:Infinity":7,"f:21:61:21:62":3,"s:21:68:21:79":8,"s:23:29:27:Infinity":9,"f:23:29:23:30":4,"b:24:4:24:Infinity:undefined:undefined:undefined:undefined":1,"s:24:4:24:Infinity":10,"s:24:34:24:Infinity":11,"b:25:4:25:Infinity:undefined:undefined:undefined:undefined":2,"s:25:4:25:Infinity":12,"s:25:35:25:Infinity":13,"s:26:4:26:Infinity":14,"s:29:32:33:Infinity":15,"f:29:32:29:33":5,"b:30:4:30:Infinity:undefined:undefined:undefined:undefined":3,"s:30:4:30:Infinity":16,"s:30:34:30:Infinity":17,"b:31:4:31:Infinity:undefined:undefined:undefined:undefined":4,"s:31:4:31:Infinity":18,"s:31:35:31:Infinity":19,"s:32:4:32:Infinity":20,"s:35:28:39:Infinity":21,"f:35:28:35:29":6,"b:36:4:36:Infinity:undefined:undefined:undefined:undefined":5,"s:36:4:36:Infinity":22,"s:36:34:36:Infinity":23,"b:37:4:37:Infinity:undefined:undefined:undefined:undefined":6,"s:37:4:37:Infinity":24,"s:37:35:37:Infinity":25,"s:38:4:38:Infinity":26,"s:41:24:46:Infinity":27,"f:41:24:41:25":7,"b:42:4:45:Infinity:undefined:undefined:undefined:undefined":7,"s:42:4:45:Infinity":28,"b:42:8:42:29:42:29:42:44":8,"s:43:6:43:Infinity":29,"s:44:6:44:Infinity":30,"s:48:23:57:Infinity":31,"f:48:23:48:24":8,"s:49:22:49:Infinity":32,"s:50:16:50:Infinity":33,"s:51:23:51:Infinity":34,"b:52:4:55:Infinity:undefined:undefined:undefined:undefined":9,"s:52:4:55:Infinity":35,"s:53:16:53:Infinity":36,"s:54:6:54:Infinity":37,"s:56:4:56:Infinity":38,"s:59:2:302:Infinity":39,"b:65:11:65:Infinity:66:12:68:Infinity":10,"b:104:64:104:116:104:116:104:121":11,"f:107:21:107:27":9,"s:107:27:107:Infinity":40,"b:107:27:107:59:107:59:107:Infinity":12,"f:108:26:108:32":10,"s:108:32:108:Infinity":41,"b:108:49:108:81:108:81:108:85":13,"f:109:26:109:32":11,"s:109:32:109:Infinity":42,"b:112:55:112:101:112:101:112:Infinity":14,"f:113:23:113:24":12,"s:113:30:113:Infinity":43,"b:113:30:113:62:113:62:113:Infinity":15,"b:117:64:117:116:117:116:117:121":16,"f:120:21:120:27":13,"s:120:27:120:Infinity":44,"b:120:27:120:59:120:59:120:Infinity":17,"f:121:26:121:32":14,"s:121:32:121:Infinity":45,"b:121:49:121:81:121:81:121:85":18,"f:122:26:122:32":15,"s:122:32:122:Infinity":46,"b:125:55:125:101:125:101:125:Infinity":19,"f:126:23:126:24":16,"s:126:30:126:Infinity":47,"b:126:30:126:62:126:62:126:Infinity":20,"b:130:63:130:114:130:114:130:119":21,"f:133:21:133:27":17,"s:133:27:133:Infinity":48,"b:133:27:133:58:133:58:133:Infinity":22,"f:134:26:134:32":18,"s:134:32:134:Infinity":49,"b:134:49:134:80:134:80:134:84":23,"f:135:26:135:32":19,"s:135:32:135:Infinity":50,"b:138:54:138:99:138:99:138:Infinity":24,"f:139:23:139:24":20,"s:139:30:139:Infinity":51,"b:139:30:139:61:139:61:139:Infinity":25,"b:143:63:143:114:143:114:143:119":26,"f:146:21:146:27":21,"s:146:27:146:Infinity":52,"b:146:27:146:58:146:58:146:Infinity":27,"f:147:26:147:32":22,"s:147:32:147:Infinity":53,"b:147:49:147:80:147:80:147:84":28,"f:148:26:148:32":23,"s:148:32:148:Infinity":54,"b:151:54:151:99:151:99:151:Infinity":29,"f:152:23:152:24":24,"s:152:30:152:Infinity":55,"b:152:30:152:61:152:61:152:Infinity":30,"b:159:64:159:116:159:116:159:121":31,"f:162:21:162:27":25,"s:162:27:162:Infinity":56,"b:162:27:162:59:162:59:162:Infinity":32,"f:163:26:163:32":26,"s:163:32:163:Infinity":57,"b:163:49:163:81:163:81:163:85":33,"f:164:26:164:32":27,"s:164:32:164:Infinity":58,"b:167:55:167:101:167:101:167:Infinity":34,"f:168:23:168:24":28,"s:168:30:168:Infinity":59,"b:168:30:168:62:168:62:168:Infinity":35,"b:172:64:172:116:172:116:172:121":36,"f:175:21:175:27":29,"s:175:27:175:Infinity":60,"b:175:27:175:59:175:59:175:Infinity":37,"f:176:26:176:32":30,"s:176:32:176:Infinity":61,"b:176:49:176:81:176:81:176:85":38,"f:177:26:177:32":31,"s:177:32:177:Infinity":62,"b:180:55:180:101:180:101:180:Infinity":39,"f:181:23:181:24":32,"s:181:30:181:Infinity":63,"b:181:30:181:62:181:62:181:Infinity":40,"b:185:63:185:114:185:114:185:119":41,"f:188:21:188:27":33,"s:188:27:188:Infinity":64,"b:188:27:188:58:188:58:188:Infinity":42,"f:189:26:189:32":34,"s:189:32:189:Infinity":65,"b:189:49:189:80:189:80:189:84":43,"f:190:26:190:32":35,"s:190:32:190:Infinity":66,"b:193:54:193:99:193:99:193:Infinity":44,"f:194:23:194:24":36,"s:194:30:194:Infinity":67,"b:194:30:194:61:194:61:194:Infinity":45,"b:198:63:198:114:198:114:198:119":46,"f:201:21:201:27":37,"s:201:27:201:Infinity":68,"b:201:27:201:58:201:58:201:Infinity":47,"f:202:26:202:32":38,"s:202:32:202:Infinity":69,"b:202:49:202:80:202:80:202:84":48,"f:203:26:203:32":39,"s:203:32:203:Infinity":70,"b:206:54:206:99:206:99:206:Infinity":49,"f:207:23:207:24":40,"s:207:30:207:Infinity":71,"b:207:30:207:61:207:61:207:Infinity":50,"f:220:33:220:34":41,"s:221:27:221:Infinity":72,"s:222:26:222:Infinity":73,"s:223:26:223:Infinity":74,"s:224:31:224:Infinity":75,"s:226:12:262:Infinity":76,"f:231:25:231:31":42,"s:231:31:231:Infinity":77,"f:232:30:232:36":43,"s:232:36:232:Infinity":78,"f:233:30:233:36":44,"s:233:36:233:Infinity":79,"f:237:27:237:28":45,"s:237:34:237:Infinity":80,"b:239:17:239:Infinity:240:18:240:Infinity":51,"b:248:39:248:63:248:63:248:Infinity":52,"b:249:44:249:48:249:48:249:Infinity":53,"b:251:46:251:65:251:65:251:Infinity":54,"b:267:9:267:Infinity:268:10:299:Infinity":55,"b:283:13:283:Infinity:284:14:293:Infinity":56},"fnNames":{}}}
,"C:\\Users\\Anil kumar\\OneDrive\\Documents\\projects\\vibe coding\\challenge 4\\src\\components\\StatusBadge.tsx": {"path":"C:\\Users\\Anil kumar\\OneDrive\\Documents\\projects\\vibe coding\\challenge 4\\src\\components\\StatusBadge.tsx","statementMap":{"0":{"start":{"line":5,"column":82},"end":{"line":12,"column":null}},"1":{"start":{"line":15,"column":17},"end":{"line":15,"column":null}},"2":{"start":{"line":16,"column":2},"end":{"line":20,"column":null}}},"fnMap":{"0":{"name":"StatusBadge","decl":{"start":{"line":14,"column":16},"end":{"line":14,"column":28}},"loc":{"start":{"line":14,"column":68},"end":{"line":22,"column":null}},"line":14}},"branchMap":{"0":{"loc":{"start":{"line":15,"column":17},"end":{"line":15,"column":null}},"type":"binary-expr","locations":[{"start":{"line":15,"column":17},"end":{"line":15,"column":41}},{"start":{"line":15,"column":41},"end":{"line":15,"column":null}}],"line":15}},"s":{"0":1,"1":3,"2":3},"f":{"0":3},"b":{"0":[3,0]},"meta":{"lastBranch":1,"lastFunction":1,"lastStatement":3,"seen":{"s:5:82:12:Infinity":0,"f:14:16:14:28":0,"s:15:17:15:Infinity":1,"b:15:17:15:41:15:41:15:Infinity":0,"s:16:2:20:Infinity":2},"fnNames":{}}}
,"C:\\Users\\Anil kumar\\OneDrive\\Documents\\projects\\vibe coding\\challenge 4\\src\\contexts\\CrowdContext.tsx": {"path":"C:\\Users\\Anil kumar\\OneDrive\\Documents\\projects\\vibe coding\\challenge 4\\src\\contexts\\CrowdContext.tsx","statementMap":{"0":{"start":{"line":111,"column":44},"end":{"line":164,"column":null}},"1":{"start":{"line":166,"column":49},"end":{"line":345,"column":null}},"2":{"start":{"line":347,"column":45},"end":{"line":374,"column":null}},"3":{"start":{"line":376,"column":57},"end":{"line":449,"column":null}},"4":{"start":{"line":462,"column":47},"end":{"line":471,"column":null}},"5":{"start":{"line":501,"column":6},"end":{"line":501,"column":null}},"6":{"start":{"line":503,"column":70},"end":{"line":798,"column":null}},"7":{"start":{"line":504,"column":36},"end":{"line":504,"column":null}},"8":{"start":{"line":505,"column":30},"end":{"line":510,"column":null}},"9":{"start":{"line":511,"column":38},"end":{"line":511,"column":null}},"10":{"start":{"line":512,"column":22},"end":{"line":516,"column":null}},"11":{"start":{"line":517,"column":32},"end":{"line":517,"column":null}},"12":{"start":{"line":518,"column":44},"end":{"line":518,"column":null}},"13":{"start":{"line":519,"column":38},"end":{"line":519,"column":null}},"14":{"start":{"line":520,"column":34},"end":{"line":520,"column":null}},"15":{"start":{"line":522,"column":27},"end":{"line":524,"column":null}},"16":{"start":{"line":523,"column":4},"end":{"line":523,"column":null}},"17":{"start":{"line":523,"column":29},"end":{"line":523,"column":53}},"18":{"start":{"line":526,"column":8},"end":{"line":526,"column":null}},"19":{"start":{"line":527,"column":8},"end":{"line":527,"column":null}},"20":{"start":{"line":528,"column":8},"end":{"line":528,"column":null}},"21":{"start":{"line":530,"column":2},"end":{"line":658,"column":null}},"22":{"start":{"line":531,"column":26},"end":{"line":531,"column":null}},"23":{"start":{"line":533,"column":17},"end":{"line":654,"column":null}},"24":{"start":{"line":534,"column":6},"end":{"line":534,"column":null}},"25":{"start":{"line":534,"column":33},"end":{"line":534,"column":null}},"26":{"start":{"line":536,"column":6},"end":{"line":539,"column":null}},"27":{"start":{"line":536,"column":29},"end":{"line":539,"column":8}},"28":{"start":{"line":541,"column":6},"end":{"line":653,"column":null}},"29":{"start":{"line":542,"column":25},"end":{"line":542,"column":null}},"30":{"start":{"line":543,"column":29},"end":{"line":543,"column":null}},"31":{"start":{"line":546,"column":29},"end":{"line":589,"column":null}},"32":{"start":{"line":547,"column":26},"end":{"line":547,"column":null}},"33":{"start":{"line":548,"column":10},"end":{"line":548,"column":null}},"34":{"start":{"line":548,"column":90},"end":{"line":548,"column":null}},"35":{"start":{"line":549,"column":10},"end":{"line":549,"column":null}},"36":{"start":{"line":549,"column":41},"end":{"line":549,"column":null}},"37":{"start":{"line":551,"column":26},"end":{"line":551,"column":null}},"38":{"start":{"line":552,"column":28},"end":{"line":552,"column":null}},"39":{"start":{"line":553,"column":31},"end":{"line":553,"column":null}},"40":{"start":{"line":554,"column":27},"end":{"line":554,"column":null}},"41":{"start":{"line":556,"column":33},"end":{"line":556,"column":null}},"42":{"start":{"line":557,"column":41},"end":{"line":557,"column":null}},"43":{"start":{"line":558,"column":39},"end":{"line":558,"column":null}},"44":{"start":{"line":560,"column":31},"end":{"line":560,"column":null}},"45":{"start":{"line":561,"column":32},"end":{"line":561,"column":null}},"46":{"start":{"line":563,"column":28},"end":{"line":563,"column":null}},"47":{"start":{"line":564,"column":29},"end":{"line":564,"column":null}},"48":{"start":{"line":566,"column":30},"end":{"line":566,"column":null}},"49":{"start":{"line":567,"column":31},"end":{"line":567,"column":null}},"50":{"start":{"line":569,"column":26},"end":{"line":569,"column":null}},"51":{"start":{"line":570,"column":27},"end":{"line":570,"column":null}},"52":{"start":{"line":572,"column":47},"end":{"line":572,"column":null}},"53":{"start":{"line":573,"column":48},"end":{"line":573,"column":null}},"54":{"start":{"line":575,"column":10},"end":{"line":588,"column":null}},"55":{"start":{"line":592,"column":31},"end":{"line":621,"column":null}},"56":{"start":{"line":593,"column":28},"end":{"line":593,"column":null}},"57":{"start":{"line":594,"column":10},"end":{"line":594,"column":null}},"58":{"start":{"line":594,"column":74},"end":{"line":594,"column":null}},"59":{"start":{"line":596,"column":25},"end":{"line":596,"column":null}},"60":{"start":{"line":597,"column":26},"end":{"line":597,"column":null}},"61":{"start":{"line":598,"column":43},"end":{"line":598,"column":null}},"62":{"start":{"line":600,"column":28},"end":{"line":600,"column":null}},"63":{"start":{"line":601,"column":29},"end":{"line":601,"column":null}},"64":{"start":{"line":603,"column":29},"end":{"line":603,"column":null}},"65":{"start":{"line":604,"column":30},"end":{"line":604,"column":null}},"66":{"start":{"line":606,"column":49},"end":{"line":606,"column":null}},"67":{"start":{"line":607,"column":50},"end":{"line":607,"column":null}},"68":{"start":{"line":609,"column":10},"end":{"line":620,"column":null}},"69":{"start":{"line":624,"column":33},"end":{"line":645,"column":null}},"70":{"start":{"line":625,"column":27},"end":{"line":625,"column":null}},"71":{"start":{"line":626,"column":10},"end":{"line":626,"column":null}},"72":{"start":{"line":626,"column":39},"end":{"line":626,"column":null}},"73":{"start":{"line":628,"column":27},"end":{"line":628,"column":null}},"74":{"start":{"line":629,"column":30},"end":{"line":629,"column":null}},"75":{"start":{"line":630,"column":31},"end":{"line":630,"column":null}},"76":{"start":{"line":632,"column":44},"end":{"line":632,"column":null}},"77":{"start":{"line":633,"column":50},"end":{"line":633,"column":null}},"78":{"start":{"line":634,"column":51},"end":{"line":634,"column":null}},"79":{"start":{"line":636,"column":10},"end":{"line":644,"column":null}},"80":{"start":{"line":647,"column":8},"end":{"line":652,"column":null}},"81":{"start":{"line":656,"column":4},"end":{"line":656,"column":null}},"82":{"start":{"line":657,"column":4},"end":{"line":657,"column":null}},"83":{"start":{"line":657,"column":17},"end":{"line":657,"column":null}},"84":{"start":{"line":660,"column":19},"end":{"line":664,"column":null}},"85":{"start":{"line":661,"column":4},"end":{"line":661,"column":null}},"86":{"start":{"line":662,"column":4},"end":{"line":662,"column":null}},"87":{"start":{"line":662,"column":27},"end":{"line":662,"column":56}},"88":{"start":{"line":663,"column":4},"end":{"line":663,"column":null}},"89":{"start":{"line":663,"column":22},"end":{"line":663,"column":142}},"90":{"start":{"line":666,"column":19},"end":{"line":670,"column":null}},"91":{"start":{"line":667,"column":4},"end":{"line":667,"column":null}},"92":{"start":{"line":668,"column":4},"end":{"line":668,"column":null}},"93":{"start":{"line":668,"column":27},"end":{"line":668,"column":57}},"94":{"start":{"line":669,"column":4},"end":{"line":669,"column":null}},"95":{"start":{"line":669,"column":22},"end":{"line":669,"column":141}},"96":{"start":{"line":672,"column":22},"end":{"line":676,"column":null}},"97":{"start":{"line":673,"column":4},"end":{"line":673,"column":null}},"98":{"start":{"line":674,"column":4},"end":{"line":674,"column":null}},"99":{"start":{"line":674,"column":27},"end":{"line":674,"column":46}},"100":{"start":{"line":675,"column":4},"end":{"line":675,"column":null}},"101":{"start":{"line":675,"column":22},"end":{"line":675,"column":157}},"102":{"start":{"line":678,"column":25},"end":{"line":687,"column":null}},"103":{"start":{"line":679,"column":4},"end":{"line":679,"column":null}},"104":{"start":{"line":680,"column":22},"end":{"line":680,"column":null}},"105":{"start":{"line":681,"column":4},"end":{"line":681,"column":null}},"106":{"start":{"line":681,"column":37},"end":{"line":681,"column":null}},"107":{"start":{"line":682,"column":4},"end":{"line":682,"column":null}},"108":{"start":{"line":682,"column":36},"end":{"line":682,"column":null}},"109":{"start":{"line":683,"column":4},"end":{"line":683,"column":null}},"110":{"start":{"line":683,"column":38},"end":{"line":683,"column":null}},"111":{"start":{"line":685,"column":4},"end":{"line":685,"column":null}},"112":{"start":{"line":685,"column":27},"end":{"line":685,"column":75}},"113":{"start":{"line":686,"column":4},"end":{"line":686,"column":null}},"114":{"start":{"line":686,"column":22},"end":{"line":686,"column":157}},"115":{"start":{"line":689,"column":22},"end":{"line":720,"column":null}},"116":{"start":{"line":690,"column":4},"end":{"line":711,"column":null}},"117":{"start":{"line":690,"column":30},"end":{"line":711,"column":6}},"118":{"start":{"line":693,"column":8},"end":{"line":708,"column":null}},"119":{"start":{"line":694,"column":28},"end":{"line":694,"column":null}},"120":{"start":{"line":695,"column":10},"end":{"line":707,"column":null}},"121":{"start":{"line":709,"column":8},"end":{"line":709,"column":null}},"122":{"start":{"line":713,"column":19},"end":{"line":713,"column":null}},"123":{"start":{"line":713,"column":49},"end":{"line":713,"column":64}},"124":{"start":{"line":714,"column":21},"end":{"line":714,"column":null}},"125":{"start":{"line":716,"column":4},"end":{"line":719,"column":null}},"126":{"start":{"line":716,"column":22},"end":{"line":719,"column":5}},"127":{"start":{"line":722,"column":31},"end":{"line":726,"column":null}},"128":{"start":{"line":723,"column":4},"end":{"line":725,"column":null}},"129":{"start":{"line":724,"column":6},"end":{"line":724,"column":null}},"130":{"start":{"line":724,"column":25},"end":{"line":724,"column":103}},"131":{"start":{"line":728,"column":22},"end":{"line":743,"column":null}},"132":{"start":{"line":729,"column":30},"end":{"line":741,"column":null}},"133":{"start":{"line":742,"column":4},"end":{"line":742,"column":null}},"134":{"start":{"line":742,"column":27},"end":{"line":742,"column":45}},"135":{"start":{"line":745,"column":32},"end":{"line":762,"column":null}},"136":{"start":{"line":746,"column":16},"end":{"line":746,"column":null}},"137":{"start":{"line":746,"column":44},"end":{"line":746,"column":55}},"138":{"start":{"line":747,"column":4},"end":{"line":747,"column":null}},"139":{"start":{"line":747,"column":14},"end":{"line":747,"column":null}},"140":{"start":{"line":749,"column":4},"end":{"line":751,"column":null}},"141":{"start":{"line":750,"column":6},"end":{"line":750,"column":null}},"142":{"start":{"line":750,"column":23},"end":{"line":750,"column":70}},"143":{"start":{"line":753,"column":4},"end":{"line":761,"column":null}},"144":{"start":{"line":753,"column":22},"end":{"line":761,"column":5}},"145":{"start":{"line":764,"column":32},"end":{"line":768,"column":null}},"146":{"start":{"line":765,"column":4},"end":{"line":767,"column":null}},"147":{"start":{"line":766,"column":6},"end":{"line":766,"column":null}},"148":{"start":{"line":766,"column":23},"end":{"line":766,"column":71}},"149":{"start":{"line":770,"column":2},"end":{"line":796,"column":null}},"150":{"start":{"line":800,"column":24},"end":{"line":804,"column":null}},"151":{"start":{"line":801,"column":8},"end":{"line":801,"column":null}},"152":{"start":{"line":802,"column":2},"end":{"line":802,"column":null}},"153":{"start":{"line":802,"column":16},"end":{"line":802,"column":null}},"154":{"start":{"line":803,"column":2},"end":{"line":803,"column":null}}},"fnMap":{"0":{"name":"(anonymous_0)","decl":{"start":{"line":503,"column":70},"end":{"line":503,"column":71}},"loc":{"start":{"line":503,"column":88},"end":{"line":798,"column":null}},"line":503},"1":{"name":"(anonymous_1)","decl":{"start":{"line":522,"column":27},"end":{"line":522,"column":28}},"loc":{"start":{"line":522,"column":61},"end":{"line":524,"column":null}},"line":522},"2":{"name":"(anonymous_2)","decl":{"start":{"line":523,"column":18},"end":{"line":523,"column":19}},"loc":{"start":{"line":523,"column":29},"end":{"line":523,"column":53}},"line":523},"3":{"name":"(anonymous_3)","decl":{"start":{"line":530,"column":12},"end":{"line":530,"column":18}},"loc":{"start":{"line":530,"column":18},"end":{"line":658,"column":5}},"line":530},"4":{"name":"(anonymous_4)","decl":{"start":{"line":533,"column":17},"end":{"line":533,"column":23}},"loc":{"start":{"line":533,"column":23},"end":{"line":654,"column":null}},"line":533},"5":{"name":"(anonymous_5)","decl":{"start":{"line":536,"column":18},"end":{"line":536,"column":19}},"loc":{"start":{"line":536,"column":29},"end":{"line":539,"column":8}},"line":536},"6":{"name":"(anonymous_6)","decl":{"start":{"line":541,"column":21},"end":{"line":541,"column":22}},"loc":{"start":{"line":541,"column":35},"end":{"line":653,"column":7}},"line":541},"7":{"name":"(anonymous_7)","decl":{"start":{"line":546,"column":48},"end":{"line":546,"column":49}},"loc":{"start":{"line":546,"column":58},"end":{"line":589,"column":9}},"line":546},"8":{"name":"(anonymous_8)","decl":{"start":{"line":592,"column":52},"end":{"line":592,"column":53}},"loc":{"start":{"line":592,"column":64},"end":{"line":621,"column":9}},"line":592},"9":{"name":"(anonymous_9)","decl":{"start":{"line":624,"column":56},"end":{"line":624,"column":57}},"loc":{"start":{"line":624,"column":64},"end":{"line":645,"column":9}},"line":624},"10":{"name":"(anonymous_10)","decl":{"start":{"line":657,"column":11},"end":{"line":657,"column":17}},"loc":{"start":{"line":657,"column":17},"end":{"line":657,"column":null}},"line":657},"11":{"name":"(anonymous_11)","decl":{"start":{"line":660,"column":19},"end":{"line":660,"column":25}},"loc":{"start":{"line":660,"column":25},"end":{"line":664,"column":null}},"line":660},"12":{"name":"(anonymous_12)","decl":{"start":{"line":662,"column":16},"end":{"line":662,"column":17}},"loc":{"start":{"line":662,"column":27},"end":{"line":662,"column":56}},"line":662},"13":{"name":"(anonymous_13)","decl":{"start":{"line":663,"column":12},"end":{"line":663,"column":13}},"loc":{"start":{"line":663,"column":22},"end":{"line":663,"column":142}},"line":663},"14":{"name":"(anonymous_14)","decl":{"start":{"line":666,"column":19},"end":{"line":666,"column":25}},"loc":{"start":{"line":666,"column":25},"end":{"line":670,"column":null}},"line":666},"15":{"name":"(anonymous_15)","decl":{"start":{"line":668,"column":16},"end":{"line":668,"column":17}},"loc":{"start":{"line":668,"column":27},"end":{"line":668,"column":57}},"line":668},"16":{"name":"(anonymous_16)","decl":{"start":{"line":669,"column":12},"end":{"line":669,"column":13}},"loc":{"start":{"line":669,"column":22},"end":{"line":669,"column":141}},"line":669},"17":{"name":"(anonymous_17)","decl":{"start":{"line":672,"column":22},"end":{"line":672,"column":23}},"loc":{"start":{"line":672,"column":41},"end":{"line":676,"column":null}},"line":672},"18":{"name":"(anonymous_18)","decl":{"start":{"line":674,"column":16},"end":{"line":674,"column":17}},"loc":{"start":{"line":674,"column":27},"end":{"line":674,"column":46}},"line":674},"19":{"name":"(anonymous_19)","decl":{"start":{"line":675,"column":12},"end":{"line":675,"column":13}},"loc":{"start":{"line":675,"column":22},"end":{"line":675,"column":157}},"line":675},"20":{"name":"(anonymous_20)","decl":{"start":{"line":678,"column":25},"end":{"line":678,"column":26}},"loc":{"start":{"line":678,"column":50},"end":{"line":687,"column":null}},"line":678},"21":{"name":"(anonymous_21)","decl":{"start":{"line":685,"column":16},"end":{"line":685,"column":17}},"loc":{"start":{"line":685,"column":27},"end":{"line":685,"column":75}},"line":685},"22":{"name":"(anonymous_22)","decl":{"start":{"line":686,"column":12},"end":{"line":686,"column":13}},"loc":{"start":{"line":686,"column":22},"end":{"line":686,"column":157}},"line":686},"23":{"name":"(anonymous_23)","decl":{"start":{"line":689,"column":22},"end":{"line":689,"column":23}},"loc":{"start":{"line":689,"column":42},"end":{"line":720,"column":null}},"line":689},"24":{"name":"(anonymous_24)","decl":{"start":{"line":690,"column":19},"end":{"line":690,"column":20}},"loc":{"start":{"line":690,"column":30},"end":{"line":711,"column":6}},"line":690},"25":{"name":"(anonymous_25)","decl":{"start":{"line":692,"column":28},"end":{"line":692,"column":29}},"loc":{"start":{"line":692,"column":35},"end":{"line":710,"column":7}},"line":692},"26":{"name":"(anonymous_26)","decl":{"start":{"line":713,"column":42},"end":{"line":713,"column":43}},"loc":{"start":{"line":713,"column":49},"end":{"line":713,"column":64}},"line":713},"27":{"name":"(anonymous_27)","decl":{"start":{"line":716,"column":12},"end":{"line":716,"column":13}},"loc":{"start":{"line":716,"column":22},"end":{"line":719,"column":5}},"line":716},"28":{"name":"(anonymous_28)","decl":{"start":{"line":722,"column":31},"end":{"line":722,"column":32}},"loc":{"start":{"line":722,"column":75},"end":{"line":726,"column":null}},"line":722},"29":{"name":"(anonymous_29)","decl":{"start":{"line":723,"column":17},"end":{"line":723,"column":18}},"loc":{"start":{"line":724,"column":6},"end":{"line":724,"column":null}},"line":724},"30":{"name":"(anonymous_30)","decl":{"start":{"line":724,"column":15},"end":{"line":724,"column":16}},"loc":{"start":{"line":724,"column":25},"end":{"line":724,"column":103}},"line":724},"31":{"name":"(anonymous_31)","decl":{"start":{"line":728,"column":22},"end":{"line":728,"column":23}},"loc":{"start":{"line":728,"column":53},"end":{"line":743,"column":null}},"line":728},"32":{"name":"(anonymous_32)","decl":{"start":{"line":742,"column":17},"end":{"line":742,"column":18}},"loc":{"start":{"line":742,"column":27},"end":{"line":742,"column":45}},"line":742},"33":{"name":"(anonymous_33)","decl":{"start":{"line":745,"column":32},"end":{"line":745,"column":33}},"loc":{"start":{"line":745,"column":48},"end":{"line":762,"column":null}},"line":745},"34":{"name":"(anonymous_34)","decl":{"start":{"line":746,"column":37},"end":{"line":746,"column":38}},"loc":{"start":{"line":746,"column":44},"end":{"line":746,"column":55}},"line":746},"35":{"name":"(anonymous_35)","decl":{"start":{"line":749,"column":23},"end":{"line":749,"column":24}},"loc":{"start":{"line":750,"column":6},"end":{"line":750,"column":null}},"line":750},"36":{"name":"(anonymous_36)","decl":{"start":{"line":750,"column":15},"end":{"line":750,"column":16}},"loc":{"start":{"line":750,"column":23},"end":{"line":750,"column":70}},"line":750},"37":{"name":"(anonymous_37)","decl":{"start":{"line":753,"column":12},"end":{"line":753,"column":13}},"loc":{"start":{"line":753,"column":22},"end":{"line":761,"column":5}},"line":753},"38":{"name":"(anonymous_38)","decl":{"start":{"line":764,"column":32},"end":{"line":764,"column":33}},"loc":{"start":{"line":764,"column":48},"end":{"line":768,"column":null}},"line":764},"39":{"name":"(anonymous_39)","decl":{"start":{"line":765,"column":23},"end":{"line":765,"column":24}},"loc":{"start":{"line":766,"column":6},"end":{"line":766,"column":null}},"line":766},"40":{"name":"(anonymous_40)","decl":{"start":{"line":766,"column":15},"end":{"line":766,"column":16}},"loc":{"start":{"line":766,"column":23},"end":{"line":766,"column":71}},"line":766},"41":{"name":"(anonymous_41)","decl":{"start":{"line":800,"column":24},"end":{"line":800,"column":30}},"loc":{"start":{"line":800,"column":30},"end":{"line":804,"column":null}},"line":800}},"branchMap":{"0":{"loc":{"start":{"line":534,"column":6},"end":{"line":534,"column":null}},"type":"if","locations":[{"start":{"line":534,"column":6},"end":{"line":534,"column":null}},{"start":{},"end":{}}],"line":534},"1":{"loc":{"start":{"line":538,"column":21},"end":{"line":538,"column":null}},"type":"cond-expr","locations":[{"start":{"line":538,"column":46},"end":{"line":538,"column":105}},{"start":{"line":538,"column":105},"end":{"line":538,"column":null}}],"line":538},"2":{"loc":{"start":{"line":548,"column":10},"end":{"line":548,"column":null}},"type":"if","locations":[{"start":{"line":548,"column":10},"end":{"line":548,"column":null}},{"start":{},"end":{}}],"line":548},"3":{"loc":{"start":{"line":548,"column":14},"end":{"line":548,"column":90}},"type":"binary-expr","locations":[{"start":{"line":548,"column":14},"end":{"line":548,"column":43}},{"start":{"line":548,"column":43},"end":{"line":548,"column":67}},{"start":{"line":548,"column":67},"end":{"line":548,"column":90}}],"line":548},"4":{"loc":{"start":{"line":549,"column":10},"end":{"line":549,"column":null}},"type":"if","locations":[{"start":{"line":549,"column":10},"end":{"line":549,"column":null}},{"start":{},"end":{}}],"line":549},"5":{"loc":{"start":{"line":557,"column":41},"end":{"line":557,"column":null}},"type":"cond-expr","locations":[{"start":{"line":557,"column":65},"end":{"line":557,"column":74}},{"start":{"line":557,"column":74},"end":{"line":557,"column":null}}],"line":557},"6":{"loc":{"start":{"line":557,"column":74},"end":{"line":557,"column":null}},"type":"cond-expr","locations":[{"start":{"line":557,"column":98},"end":{"line":557,"column":111}},{"start":{"line":557,"column":111},"end":{"line":557,"column":null}}],"line":557},"7":{"loc":{"start":{"line":558,"column":39},"end":{"line":558,"column":null}},"type":"cond-expr","locations":[{"start":{"line":558,"column":55},"end":{"line":558,"column":62}},{"start":{"line":558,"column":62},"end":{"line":558,"column":null}}],"line":558},"8":{"loc":{"start":{"line":558,"column":62},"end":{"line":558,"column":null}},"type":"cond-expr","locations":[{"start":{"line":558,"column":79},"end":{"line":558,"column":88}},{"start":{"line":558,"column":88},"end":{"line":558,"column":null}}],"line":558},"9":{"loc":{"start":{"line":560,"column":31},"end":{"line":560,"column":null}},"type":"cond-expr","locations":[{"start":{"line":560,"column":48},"end":{"line":560,"column":55}},{"start":{"line":560,"column":55},"end":{"line":560,"column":null}}],"line":560},"10":{"loc":{"start":{"line":560,"column":55},"end":{"line":560,"column":null}},"type":"cond-expr","locations":[{"start":{"line":560,"column":74},"end":{"line":560,"column":81}},{"start":{"line":560,"column":81},"end":{"line":560,"column":null}}],"line":560},"11":{"loc":{"start":{"line":561,"column":32},"end":{"line":561,"column":null}},"type":"cond-expr","locations":[{"start":{"line":561,"column":49},"end":{"line":561,"column":56}},{"start":{"line":561,"column":56},"end":{"line":561,"column":null}}],"line":561},"12":{"loc":{"start":{"line":561,"column":56},"end":{"line":561,"column":null}},"type":"cond-expr","locations":[{"start":{"line":561,"column":75},"end":{"line":561,"column":82}},{"start":{"line":561,"column":82},"end":{"line":561,"column":null}}],"line":561},"13":{"loc":{"start":{"line":572,"column":47},"end":{"line":572,"column":null}},"type":"cond-expr","locations":[{"start":{"line":572,"column":64},"end":{"line":572,"column":73}},{"start":{"line":572,"column":73},"end":{"line":572,"column":null}}],"line":572},"14":{"loc":{"start":{"line":572,"column":73},"end":{"line":572,"column":null}},"type":"cond-expr","locations":[{"start":{"line":572,"column":90},"end":{"line":572,"column":103}},{"start":{"line":572,"column":103},"end":{"line":572,"column":null}}],"line":572},"15":{"loc":{"start":{"line":573,"column":48},"end":{"line":573,"column":null}},"type":"cond-expr","locations":[{"start":{"line":573,"column":66},"end":{"line":573,"column":75}},{"start":{"line":573,"column":75},"end":{"line":573,"column":null}}],"line":573},"16":{"loc":{"start":{"line":573,"column":75},"end":{"line":573,"column":null}},"type":"cond-expr","locations":[{"start":{"line":573,"column":93},"end":{"line":573,"column":106}},{"start":{"line":573,"column":106},"end":{"line":573,"column":null}}],"line":573},"17":{"loc":{"start":{"line":594,"column":10},"end":{"line":594,"column":null}},"type":"if","locations":[{"start":{"line":594,"column":10},"end":{"line":594,"column":null}},{"start":{},"end":{}}],"line":594},"18":{"loc":{"start":{"line":594,"column":14},"end":{"line":594,"column":74}},"type":"binary-expr","locations":[{"start":{"line":594,"column":14},"end":{"line":594,"column":41}},{"start":{"line":594,"column":41},"end":{"line":594,"column":74}}],"line":594},"19":{"loc":{"start":{"line":598,"column":43},"end":{"line":598,"column":null}},"type":"cond-expr","locations":[{"start":{"line":598,"column":60},"end":{"line":598,"column":69}},{"start":{"line":598,"column":69},"end":{"line":598,"column":null}}],"line":598},"20":{"loc":{"start":{"line":598,"column":69},"end":{"line":598,"column":null}},"type":"cond-expr","locations":[{"start":{"line":598,"column":86},"end":{"line":598,"column":99}},{"start":{"line":598,"column":99},"end":{"line":598,"column":null}}],"line":598},"21":{"loc":{"start":{"line":606,"column":49},"end":{"line":606,"column":null}},"type":"cond-expr","locations":[{"start":{"line":606,"column":69},"end":{"line":606,"column":78}},{"start":{"line":606,"column":78},"end":{"line":606,"column":null}}],"line":606},"22":{"loc":{"start":{"line":606,"column":78},"end":{"line":606,"column":null}},"type":"cond-expr","locations":[{"start":{"line":606,"column":98},"end":{"line":606,"column":111}},{"start":{"line":606,"column":111},"end":{"line":606,"column":null}}],"line":606},"23":{"loc":{"start":{"line":607,"column":50},"end":{"line":607,"column":null}},"type":"cond-expr","locations":[{"start":{"line":607,"column":71},"end":{"line":607,"column":80}},{"start":{"line":607,"column":80},"end":{"line":607,"column":null}}],"line":607},"24":{"loc":{"start":{"line":607,"column":80},"end":{"line":607,"column":null}},"type":"cond-expr","locations":[{"start":{"line":607,"column":101},"end":{"line":607,"column":114}},{"start":{"line":607,"column":114},"end":{"line":607,"column":null}}],"line":607},"25":{"loc":{"start":{"line":626,"column":10},"end":{"line":626,"column":null}},"type":"if","locations":[{"start":{"line":626,"column":10},"end":{"line":626,"column":null}},{"start":{},"end":{}}],"line":626},"26":{"loc":{"start":{"line":632,"column":44},"end":{"line":632,"column":null}},"type":"cond-expr","locations":[{"start":{"line":632,"column":76},"end":{"line":632,"column":85}},{"start":{"line":632,"column":85},"end":{"line":632,"column":null}}],"line":632},"27":{"loc":{"start":{"line":632,"column":85},"end":{"line":632,"column":null}},"type":"cond-expr","locations":[{"start":{"line":632,"column":117},"end":{"line":632,"column":130}},{"start":{"line":632,"column":130},"end":{"line":632,"column":null}}],"line":632},"28":{"loc":{"start":{"line":633,"column":50},"end":{"line":633,"column":null}},"type":"cond-expr","locations":[{"start":{"line":633,"column":85},"end":{"line":633,"column":94}},{"start":{"line":633,"column":94},"end":{"line":633,"column":null}}],"line":633},"29":{"loc":{"start":{"line":633,"column":94},"end":{"line":633,"column":null}},"type":"cond-expr","locations":[{"start":{"line":633,"column":129},"end":{"line":633,"column":142}},{"start":{"line":633,"column":142},"end":{"line":633,"column":null}}],"line":633},"30":{"loc":{"start":{"line":634,"column":51},"end":{"line":634,"column":null}},"type":"cond-expr","locations":[{"start":{"line":634,"column":87},"end":{"line":634,"column":96}},{"start":{"line":634,"column":96},"end":{"line":634,"column":null}}],"line":634},"31":{"loc":{"start":{"line":634,"column":96},"end":{"line":634,"column":null}},"type":"cond-expr","locations":[{"start":{"line":634,"column":132},"end":{"line":634,"column":145}},{"start":{"line":634,"column":145},"end":{"line":634,"column":null}}],"line":634},"32":{"loc":{"start":{"line":681,"column":4},"end":{"line":681,"column":null}},"type":"if","locations":[{"start":{"line":681,"column":4},"end":{"line":681,"column":null}},{"start":{},"end":{}}],"line":681},"33":{"loc":{"start":{"line":682,"column":4},"end":{"line":682,"column":null}},"type":"if","locations":[{"start":{"line":682,"column":4},"end":{"line":682,"column":null}},{"start":{},"end":{}}],"line":682},"34":{"loc":{"start":{"line":683,"column":4},"end":{"line":683,"column":null}},"type":"if","locations":[{"start":{"line":683,"column":4},"end":{"line":683,"column":null}},{"start":{},"end":{}}],"line":683},"35":{"loc":{"start":{"line":693,"column":8},"end":{"line":708,"column":null}},"type":"if","locations":[{"start":{"line":693,"column":8},"end":{"line":708,"column":null}},{"start":{},"end":{}}],"line":693},"36":{"loc":{"start":{"line":714,"column":21},"end":{"line":714,"column":null}},"type":"cond-expr","locations":[{"start":{"line":714,"column":30},"end":{"line":714,"column":44}},{"start":{"line":714,"column":44},"end":{"line":714,"column":null}}],"line":714},"37":{"loc":{"start":{"line":724,"column":25},"end":{"line":724,"column":103}},"type":"cond-expr","locations":[{"start":{"line":724,"column":41},"end":{"line":724,"column":99}},{"start":{"line":724,"column":99},"end":{"line":724,"column":103}}],"line":724},"38":{"loc":{"start":{"line":732,"column":13},"end":{"line":732,"column":null}},"type":"binary-expr","locations":[{"start":{"line":732,"column":13},"end":{"line":732,"column":29}},{"start":{"line":732,"column":29},"end":{"line":732,"column":null}}],"line":732},"39":{"loc":{"start":{"line":733,"column":16},"end":{"line":733,"column":null}},"type":"binary-expr","locations":[{"start":{"line":733,"column":16},"end":{"line":733,"column":35}},{"start":{"line":733,"column":35},"end":{"line":733,"column":null}}],"line":733},"40":{"loc":{"start":{"line":734,"column":16},"end":{"line":734,"column":null}},"type":"binary-expr","locations":[{"start":{"line":734,"column":16},"end":{"line":734,"column":35}},{"start":{"line":734,"column":35},"end":{"line":734,"column":null}}],"line":734},"41":{"loc":{"start":{"line":735,"column":14},"end":{"line":735,"column":null}},"type":"binary-expr","locations":[{"start":{"line":735,"column":14},"end":{"line":735,"column":31}},{"start":{"line":735,"column":31},"end":{"line":735,"column":null}}],"line":735},"42":{"loc":{"start":{"line":736,"column":19},"end":{"line":736,"column":null}},"type":"binary-expr","locations":[{"start":{"line":736,"column":19},"end":{"line":736,"column":41}},{"start":{"line":736,"column":41},"end":{"line":736,"column":null}}],"line":736},"43":{"loc":{"start":{"line":739,"column":16},"end":{"line":739,"column":null}},"type":"binary-expr","locations":[{"start":{"line":739,"column":16},"end":{"line":739,"column":35}},{"start":{"line":739,"column":35},"end":{"line":739,"column":null}}],"line":739},"44":{"loc":{"start":{"line":740,"column":25},"end":{"line":740,"column":null}},"type":"binary-expr","locations":[{"start":{"line":740,"column":25},"end":{"line":740,"column":53}},{"start":{"line":740,"column":53},"end":{"line":740,"column":null}}],"line":740},"45":{"loc":{"start":{"line":747,"column":4},"end":{"line":747,"column":null}},"type":"if","locations":[{"start":{"line":747,"column":4},"end":{"line":747,"column":null}},{"start":{},"end":{}}],"line":747},"46":{"loc":{"start":{"line":750,"column":23},"end":{"line":750,"column":70}},"type":"cond-expr","locations":[{"start":{"line":750,"column":37},"end":{"line":750,"column":68}},{"start":{"line":750,"column":68},"end":{"line":750,"column":70}}],"line":750},"47":{"loc":{"start":{"line":766,"column":23},"end":{"line":766,"column":71}},"type":"cond-expr","locations":[{"start":{"line":766,"column":37},"end":{"line":766,"column":69}},{"start":{"line":766,"column":69},"end":{"line":766,"column":71}}],"line":766},"48":{"loc":{"start":{"line":802,"column":2},"end":{"line":802,"column":null}},"type":"if","locations":[{"start":{"line":802,"column":2},"end":{"line":802,"column":null}},{"start":{},"end":{}}],"line":802}},"s":{"0":2,"1":2,"2":2,"3":2,"4":2,"5":2,"6":2,"7":16,"8":16,"9":16,"10":16,"11":16,"12":16,"13":16,"14":16,"15":16,"16":1,"17":1,"18":16,"19":16,"20":16,"21":16,"22":9,"23":9,"24":0,"25":0,"26":0,"27":0,"28":0,"29":0,"30":0,"31":0,"32":0,"33":0,"34":0,"35":0,"36":0,"37":0,"38":0,"39":0,"40":0,"41":0,"42":0,"43":0,"44":0,"45":0,"46":0,"47":0,"48":0,"49":0,"50":0,"51":0,"52":0,"53":0,"54":0,"55":0,"56":0,"57":0,"58":0,"59":0,"60":0,"61":0,"62":0,"63":0,"64":0,"65":0,"66":0,"67":0,"68":0,"69":0,"70":0,"71":0,"72":0,"73":0,"74":0,"75":0,"76":0,"77":0,"78":0,"79":0,"80":0,"81":9,"82":9,"83":9,"84":16,"85":0,"86":0,"87":0,"88":0,"89":0,"90":16,"91":0,"92":0,"93":0,"94":0,"95":0,"96":16,"97":1,"98":1,"99":1,"100":1,"101":1,"102":16,"103":1,"104":1,"105":1,"106":0,"107":1,"108":1,"109":1,"110":0,"111":1,"112":1,"113":1,"114":1,"115":16,"116":0,"117":0,"118":0,"119":0,"120":0,"121":0,"122":0,"123":0,"124":0,"125":0,"126":0,"127":16,"128":0,"129":0,"130":0,"131":16,"132":1,"133":1,"134":1,"135":16,"136":1,"137":1,"138":1,"139":0,"140":1,"141":1,"142":4,"143":1,"144":1,"145":16,"146":0,"147":0,"148":0,"149":16,"150":2,"151":20,"152":20,"153":4,"154":15},"f":{"0":16,"1":1,"2":1,"3":9,"4":0,"5":0,"6":0,"7":0,"8":0,"9":0,"10":9,"11":0,"12":0,"13":0,"14":0,"15":0,"16":0,"17":1,"18":1,"19":1,"20":1,"21":1,"22":1,"23":0,"24":0,"25":0,"26":0,"27":0,"28":0,"29":0,"30":0,"31":1,"32":1,"33":1,"34":1,"35":1,"36":4,"37":1,"38":0,"39":0,"40":0,"41":20},"b":{"0":[0,0],"1":[0,0],"2":[0,0],"3":[0,0,0],"4":[0,0],"5":[0,0],"6":[0,0],"7":[0,0],"8":[0,0],"9":[0,0],"10":[0,0],"11":[0,0],"12":[0,0],"13":[0,0],"14":[0,0],"15":[0,0],"16":[0,0],"17":[0,0],"18":[0,0],"19":[0,0],"20":[0,0],"21":[0,0],"22":[0,0],"23":[0,0],"24":[0,0],"25":[0,0],"26":[0,0],"27":[0,0],"28":[0,0],"29":[0,0],"30":[0,0],"31":[0,0],"32":[0,1],"33":[1,0],"34":[0,1],"35":[0,0],"36":[0,0],"37":[0,0],"38":[1,0],"39":[1,0],"40":[1,0],"41":[1,1],"42":[1,0],"43":[1,1],"44":[1,1],"45":[0,1],"46":[1,3],"47":[0,0],"48":[4,16]},"meta":{"lastBranch":49,"lastFunction":42,"lastStatement":155,"seen":{"s:111:44:164:Infinity":0,"s:166:49:345:Infinity":1,"s:347:45:374:Infinity":2,"s:376:57:449:Infinity":3,"s:462:47:471:Infinity":4,"s:501:6:501:Infinity":5,"s:503:70:798:Infinity":6,"f:503:70:503:71":0,"s:504:36:504:Infinity":7,"s:505:30:510:Infinity":8,"s:511:38:511:Infinity":9,"s:512:22:516:Infinity":10,"s:517:32:517:Infinity":11,"s:518:44:518:Infinity":12,"s:519:38:519:Infinity":13,"s:520:34:520:Infinity":14,"s:522:27:524:Infinity":15,"f:522:27:522:28":1,"s:523:4:523:Infinity":16,"f:523:18:523:19":2,"s:523:29:523:53":17,"s:526:8:526:Infinity":18,"s:527:8:527:Infinity":19,"s:528:8:528:Infinity":20,"s:530:2:658:Infinity":21,"f:530:12:530:18":3,"s:531:26:531:Infinity":22,"s:533:17:654:Infinity":23,"f:533:17:533:23":4,"b:534:6:534:Infinity:undefined:undefined:undefined:undefined":0,"s:534:6:534:Infinity":24,"s:534:33:534:Infinity":25,"s:536:6:539:Infinity":26,"f:536:18:536:19":5,"s:536:29:539:8":27,"b:538:46:538:105:538:105:538:Infinity":1,"s:541:6:653:Infinity":28,"f:541:21:541:22":6,"s:542:25:542:Infinity":29,"s:543:29:543:Infinity":30,"s:546:29:589:Infinity":31,"f:546:48:546:49":7,"s:547:26:547:Infinity":32,"b:548:10:548:Infinity:undefined:undefined:undefined:undefined":2,"s:548:10:548:Infinity":33,"b:548:14:548:43:548:43:548:67:548:67:548:90":3,"s:548:90:548:Infinity":34,"b:549:10:549:Infinity:undefined:undefined:undefined:undefined":4,"s:549:10:549:Infinity":35,"s:549:41:549:Infinity":36,"s:551:26:551:Infinity":37,"s:552:28:552:Infinity":38,"s:553:31:553:Infinity":39,"s:554:27:554:Infinity":40,"s:556:33:556:Infinity":41,"s:557:41:557:Infinity":42,"b:557:65:557:74:557:74:557:Infinity":5,"b:557:98:557:111:557:111:557:Infinity":6,"s:558:39:558:Infinity":43,"b:558:55:558:62:558:62:558:Infinity":7,"b:558:79:558:88:558:88:558:Infinity":8,"s:560:31:560:Infinity":44,"b:560:48:560:55:560:55:560:Infinity":9,"b:560:74:560:81:560:81:560:Infinity":10,"s:561:32:561:Infinity":45,"b:561:49:561:56:561:56:561:Infinity":11,"b:561:75:561:82:561:82:561:Infinity":12,"s:563:28:563:Infinity":46,"s:564:29:564:Infinity":47,"s:566:30:566:Infinity":48,"s:567:31:567:Infinity":49,"s:569:26:569:Infinity":50,"s:570:27:570:Infinity":51,"s:572:47:572:Infinity":52,"b:572:64:572:73:572:73:572:Infinity":13,"b:572:90:572:103:572:103:572:Infinity":14,"s:573:48:573:Infinity":53,"b:573:66:573:75:573:75:573:Infinity":15,"b:573:93:573:106:573:106:573:Infinity":16,"s:575:10:588:Infinity":54,"s:592:31:621:Infinity":55,"f:592:52:592:53":8,"s:593:28:593:Infinity":56,"b:594:10:594:Infinity:undefined:undefined:undefined:undefined":17,"s:594:10:594:Infinity":57,"b:594:14:594:41:594:41:594:74":18,"s:594:74:594:Infinity":58,"s:596:25:596:Infinity":59,"s:597:26:597:Infinity":60,"s:598:43:598:Infinity":61,"b:598:60:598:69:598:69:598:Infinity":19,"b:598:86:598:99:598:99:598:Infinity":20,"s:600:28:600:Infinity":62,"s:601:29:601:Infinity":63,"s:603:29:603:Infinity":64,"s:604:30:604:Infinity":65,"s:606:49:606:Infinity":66,"b:606:69:606:78:606:78:606:Infinity":21,"b:606:98:606:111:606:111:606:Infinity":22,"s:607:50:607:Infinity":67,"b:607:71:607:80:607:80:607:Infinity":23,"b:607:101:607:114:607:114:607:Infinity":24,"s:609:10:620:Infinity":68,"s:624:33:645:Infinity":69,"f:624:56:624:57":9,"s:625:27:625:Infinity":70,"b:626:10:626:Infinity:undefined:undefined:undefined:undefined":25,"s:626:10:626:Infinity":71,"s:626:39:626:Infinity":72,"s:628:27:628:Infinity":73,"s:629:30:629:Infinity":74,"s:630:31:630:Infinity":75,"s:632:44:632:Infinity":76,"b:632:76:632:85:632:85:632:Infinity":26,"b:632:117:632:130:632:130:632:Infinity":27,"s:633:50:633:Infinity":77,"b:633:85:633:94:633:94:633:Infinity":28,"b:633:129:633:142:633:142:633:Infinity":29,"s:634:51:634:Infinity":78,"b:634:87:634:96:634:96:634:Infinity":30,"b:634:132:634:145:634:145:634:Infinity":31,"s:636:10:644:Infinity":79,"s:647:8:652:Infinity":80,"s:656:4:656:Infinity":81,"s:657:4:657:Infinity":82,"f:657:11:657:17":10,"s:657:17:657:Infinity":83,"s:660:19:664:Infinity":84,"f:660:19:660:25":11,"s:661:4:661:Infinity":85,"s:662:4:662:Infinity":86,"f:662:16:662:17":12,"s:662:27:662:56":87,"s:663:4:663:Infinity":88,"f:663:12:663:13":13,"s:663:22:663:142":89,"s:666:19:670:Infinity":90,"f:666:19:666:25":14,"s:667:4:667:Infinity":91,"s:668:4:668:Infinity":92,"f:668:16:668:17":15,"s:668:27:668:57":93,"s:669:4:669:Infinity":94,"f:669:12:669:13":16,"s:669:22:669:141":95,"s:672:22:676:Infinity":96,"f:672:22:672:23":17,"s:673:4:673:Infinity":97,"s:674:4:674:Infinity":98,"f:674:16:674:17":18,"s:674:27:674:46":99,"s:675:4:675:Infinity":100,"f:675:12:675:13":19,"s:675:22:675:157":101,"s:678:25:687:Infinity":102,"f:678:25:678:26":20,"s:679:4:679:Infinity":103,"s:680:22:680:Infinity":104,"b:681:4:681:Infinity:undefined:undefined:undefined:undefined":32,"s:681:4:681:Infinity":105,"s:681:37:681:Infinity":106,"b:682:4:682:Infinity:undefined:undefined:undefined:undefined":33,"s:682:4:682:Infinity":107,"s:682:36:682:Infinity":108,"b:683:4:683:Infinity:undefined:undefined:undefined:undefined":34,"s:683:4:683:Infinity":109,"s:683:38:683:Infinity":110,"s:685:4:685:Infinity":111,"f:685:16:685:17":21,"s:685:27:685:75":112,"s:686:4:686:Infinity":113,"f:686:12:686:13":22,"s:686:22:686:157":114,"s:689:22:720:Infinity":115,"f:689:22:689:23":23,"s:690:4:711:Infinity":116,"f:690:19:690:20":24,"s:690:30:711:6":117,"f:692:28:692:29":25,"b:693:8:708:Infinity:undefined:undefined:undefined:undefined":35,"s:693:8:708:Infinity":118,"s:694:28:694:Infinity":119,"s:695:10:707:Infinity":120,"s:709:8:709:Infinity":121,"s:713:19:713:Infinity":122,"f:713:42:713:43":26,"s:713:49:713:64":123,"s:714:21:714:Infinity":124,"b:714:30:714:44:714:44:714:Infinity":36,"s:716:4:719:Infinity":125,"f:716:12:716:13":27,"s:716:22:719:5":126,"s:722:31:726:Infinity":127,"f:722:31:722:32":28,"s:723:4:725:Infinity":128,"f:723:17:723:18":29,"s:724:6:724:Infinity":129,"f:724:15:724:16":30,"s:724:25:724:103":130,"b:724:41:724:99:724:99:724:103":37,"s:728:22:743:Infinity":131,"f:728:22:728:23":31,"s:729:30:741:Infinity":132,"b:732:13:732:29:732:29:732:Infinity":38,"b:733:16:733:35:733:35:733:Infinity":39,"b:734:16:734:35:734:35:734:Infinity":40,"b:735:14:735:31:735:31:735:Infinity":41,"b:736:19:736:41:736:41:736:Infinity":42,"b:739:16:739:35:739:35:739:Infinity":43,"b:740:25:740:53:740:53:740:Infinity":44,"s:742:4:742:Infinity":133,"f:742:17:742:18":32,"s:742:27:742:45":134,"s:745:32:762:Infinity":135,"f:745:32:745:33":33,"s:746:16:746:Infinity":136,"f:746:37:746:38":34,"s:746:44:746:55":137,"b:747:4:747:Infinity:undefined:undefined:undefined:undefined":45,"s:747:4:747:Infinity":138,"s:747:14:747:Infinity":139,"s:749:4:751:Infinity":140,"f:749:23:749:24":35,"s:750:6:750:Infinity":141,"f:750:15:750:16":36,"s:750:23:750:70":142,"b:750:37:750:68:750:68:750:70":46,"s:753:4:761:Infinity":143,"f:753:12:753:13":37,"s:753:22:761:5":144,"s:764:32:768:Infinity":145,"f:764:32:764:33":38,"s:765:4:767:Infinity":146,"f:765:23:765:24":39,"s:766:6:766:Infinity":147,"f:766:15:766:16":40,"s:766:23:766:71":148,"b:766:37:766:69:766:69:766:71":47,"s:770:2:796:Infinity":149,"s:800:24:804:Infinity":150,"f:800:24:800:30":41,"s:801:8:801:Infinity":151,"b:802:2:802:Infinity:undefined:undefined:undefined:undefined":48,"s:802:2:802:Infinity":152,"s:802:16:802:Infinity":153,"s:803:2:803:Infinity":154},"fnNames":{}}}
,"C:\\Users\\Anil kumar\\OneDrive\\Documents\\projects\\vibe coding\\challenge 4\\src\\lib\\utils.ts": {"path":"C:\\Users\\Anil kumar\\OneDrive\\Documents\\projects\\vibe coding\\challenge 4\\src\\lib\\utils.ts","statementMap":{"0":{"start":{"line":5,"column":2},"end":{"line":5,"column":null}}},"fnMap":{"0":{"name":"cn","decl":{"start":{"line":4,"column":16},"end":{"line":4,"column":22}},"loc":{"start":{"line":4,"column":44},"end":{"line":6,"column":null}},"line":4}},"branchMap":{},"s":{"0":6},"f":{"0":6},"b":{},"meta":{"lastBranch":0,"lastFunction":1,"lastStatement":1,"seen":{"f:4:16:4:22":0,"s:5:2:5:Infinity":0},"fnNames":{}}}
}
